<?xml version="1.0" encoding="UTF-8"?>
<!-- Generated by org.testng.reporters.JUnitXMLReporter -->
<testsuite hostname="LAPTOP-IA3PVLBB" ignored="0" name="Default test" tests="8" failures="0" timestamp="2021-03-10T18:47:11 IST" time="5.111" errors="0">
  <testcase name="@BeforeMethod setUp" time="4.887" classname="com.deque.axe.AccessibilityTest">
    <failure type="org.openqa.selenium.SessionNotCreatedException" message="session not created: This version of ChromeDriver only supports Chrome version 86
Current browser version is 88.0.4324.190 with binary path C:\Program Files (x86)\Google\Chrome\Application\chrome.exe
Build info: version: &amp;apos;3.5.2&amp;apos;, revision: &amp;apos;10229a9&amp;apos;, time: &amp;apos;2017-08-21T17:29:55.15Z&amp;apos;
System info: host: &amp;apos;LAPTOP-IA3PVLBB&amp;apos;, ip: &amp;apos;192.168.51.36&amp;apos;, os.name: &amp;apos;Windows 10&amp;apos;, os.arch: &amp;apos;amd64&amp;apos;, os.version: &amp;apos;10.0&amp;apos;, java.version: &amp;apos;1.8.0_144&amp;apos;
Driver info: driver.version: ChromeDriver
remote stacktrace: Backtrace:
	Ordinal0 [0x00BAC013+3194899]
	Ordinal0 [0x00A96021+2056225]
	Ordinal0 [0x0092F608+587272]
	Ordinal0 [0x008B1BF3+72691]
	Ordinal0 [0x008AE229+57897]
	Ordinal0 [0x008AC64A+50762]
	Ordinal0 [0x008D1EE9+204521]
	Ordinal0 [0x008D1D0D+204045]
	Ordinal0 [0x008CFC1B+195611]
	Ordinal0 [0x008B3B7F+80767]
	Ordinal0 [0x008B4B4E+84814]
	Ordinal0 [0x008B4AD9+84697]
	Ordinal0 [0x00AACE64+2149988]
	GetHandleVerifier [0x00D1BE95+1400773]
	GetHandleVerifier [0x00D1BB61+1399953]
	GetHandleVerifier [0x00D231FA+1430314]
	GetHandleVerifier [0x00D1C69F+1402831]
	Ordinal0 [0x00AA3D61+2112865]
	Ordinal0 [0x00AAE5CB+2155979]
	Ordinal0 [0x00AAE6F5+2156277]
	Ordinal0 [0x00ABF26E+2224750]
	BaseThreadInitThunk [0x77296359+25]
	RtlGetAppContainerNamedObjectPath [0x77D77A94+228]
	RtlGetAppContainerNamedObjectPath [0x77D77A64+180]
">
      <![CDATA[org.openqa.selenium.SessionNotCreatedException: session not created: This version of ChromeDriver only supports Chrome version 86
Current browser version is 88.0.4324.190 with binary path C:\Program Files (x86)\Google\Chrome\Application\chrome.exe
Build info: version: '3.5.2', revision: '10229a9', time: '2017-08-21T17:29:55.15Z'
System info: host: 'LAPTOP-IA3PVLBB', ip: '192.168.51.36', os.name: 'Windows 10', os.arch: 'amd64', os.version: '10.0', java.version: '1.8.0_144'
Driver info: driver.version: ChromeDriver
remote stacktrace: Backtrace:
Ordinal0 [0x00BAC013+3194899]
Ordinal0 [0x00A96021+2056225]
Ordinal0 [0x0092F608+587272]
Ordinal0 [0x008B1BF3+72691]
Ordinal0 [0x008AE229+57897]
Ordinal0 [0x008AC64A+50762]
Ordinal0 [0x008D1EE9+204521]
Ordinal0 [0x008D1D0D+204045]
Ordinal0 [0x008CFC1B+195611]
Ordinal0 [0x008B3B7F+80767]
Ordinal0 [0x008B4B4E+84814]
Ordinal0 [0x008B4AD9+84697]
Ordinal0 [0x00AACE64+2149988]
GetHandleVerifier [0x00D1BE95+1400773]
GetHandleVerifier [0x00D1BB61+1399953]
GetHandleVerifier [0x00D231FA+1430314]
GetHandleVerifier [0x00D1C69F+1402831]
Ordinal0 [0x00AA3D61+2112865]
Ordinal0 [0x00AAE5CB+2155979]
Ordinal0 [0x00AAE6F5+2156277]
Ordinal0 [0x00ABF26E+2224750]
BaseThreadInitThunk [0x77296359+25]
RtlGetAppContainerNamedObjectPath [0x77D77A94+228]
RtlGetAppContainerNamedObjectPath [0x77D77A64+180]

at sun.reflect.NativeConstructorAccessorImpl.newInstance0(Native Method)
at sun.reflect.NativeConstructorAccessorImpl.newInstance(NativeConstructorAccessorImpl.java:62)
at sun.reflect.DelegatingConstructorAccessorImpl.newInstance(DelegatingConstructorAccessorImpl.java:45)
at java.lang.reflect.Constructor.newInstance(Constructor.java:423)
at org.openqa.selenium.remote.W3CHandshakeResponse.lambda$new$0(W3CHandshakeResponse.java:57)
at org.openqa.selenium.remote.W3CHandshakeResponse.lambda$getResponseFunction$2(W3CHandshakeResponse.java:104)
at org.openqa.selenium.remote.ProtocolHandshake.lambda$createSession$24(ProtocolHandshake.java:359)
at java.util.stream.ReferencePipeline$3$1.accept(ReferencePipeline.java:193)
at java.util.Spliterators$ArraySpliterator.tryAdvance(Spliterators.java:958)
at java.util.stream.ReferencePipeline.forEachWithCancel(ReferencePipeline.java:126)
at java.util.stream.AbstractPipeline.copyIntoWithCancel(AbstractPipeline.java:498)
at java.util.stream.AbstractPipeline.copyInto(AbstractPipeline.java:485)
at java.util.stream.AbstractPipeline.wrapAndCopyInto(AbstractPipeline.java:471)
at java.util.stream.FindOps$FindOp.evaluateSequential(FindOps.java:152)
at java.util.stream.AbstractPipeline.evaluate(AbstractPipeline.java:234)
at java.util.stream.ReferencePipeline.findFirst(ReferencePipeline.java:464)
at org.openqa.selenium.remote.ProtocolHandshake.createSession(ProtocolHandshake.java:362)
at org.openqa.selenium.remote.ProtocolHandshake.createSession(ProtocolHandshake.java:136)
at org.openqa.selenium.remote.HttpCommandExecutor.execute(HttpCommandExecutor.java:142)
at org.openqa.selenium.remote.service.DriverCommandExecutor.execute(DriverCommandExecutor.java:82)
at org.openqa.selenium.remote.RemoteWebDriver.execute(RemoteWebDriver.java:641)
at org.openqa.selenium.remote.RemoteWebDriver.startSession(RemoteWebDriver.java:254)
at org.openqa.selenium.remote.RemoteWebDriver.startSession(RemoteWebDriver.java:236)
at org.openqa.selenium.remote.RemoteWebDriver.<init>(RemoteWebDriver.java:137)
at org.openqa.selenium.chrome.ChromeDriver.<init>(ChromeDriver.java:178)
at org.openqa.selenium.chrome.ChromeDriver.<init>(ChromeDriver.java:167)
at org.openqa.selenium.chrome.ChromeDriver.<init>(ChromeDriver.java:124)
at com.deque.axe.AccessibilityTest.setUp(AccessibilityTest.java:59)
at sun.reflect.NativeMethodAccessorImpl.invoke0(Native Method)
at sun.reflect.NativeMethodAccessorImpl.invoke(NativeMethodAccessorImpl.java:62)
at sun.reflect.DelegatingMethodAccessorImpl.invoke(DelegatingMethodAccessorImpl.java:43)
at java.lang.reflect.Method.invoke(Method.java:498)
at org.testng.internal.MethodInvocationHelper.invokeMethod(MethodInvocationHelper.java:133)
at org.testng.internal.MethodInvocationHelper.invokeMethodConsideringTimeout(MethodInvocationHelper.java:62)
at org.testng.internal.ConfigInvoker.invokeConfigurationMethod(ConfigInvoker.java:340)
at org.testng.internal.ConfigInvoker.invokeConfigurations(ConfigInvoker.java:294)
at org.testng.internal.TestInvoker.runConfigMethods(TestInvoker.java:683)
at org.testng.internal.TestInvoker.invokeMethod(TestInvoker.java:510)
at org.testng.internal.TestInvoker.invokeTestMethod(TestInvoker.java:172)
at org.testng.internal.MethodRunner.runInSequence(MethodRunner.java:46)
at org.testng.internal.TestInvoker$MethodInvocationAgent.invoke(TestInvoker.java:804)
at org.testng.internal.TestInvoker.invokeTestMethods(TestInvoker.java:145)
at org.testng.internal.TestMethodWorker.invokeTestMethods(TestMethodWorker.java:146)
at org.testng.internal.TestMethodWorker.run(TestMethodWorker.java:128)
at java.util.ArrayList.forEach(ArrayList.java:1249)
at org.testng.TestRunner.privateRun(TestRunner.java:770)
at org.testng.TestRunner.run(TestRunner.java:591)
at org.testng.SuiteRunner.runTest(SuiteRunner.java:402)
at org.testng.SuiteRunner.runSequentially(SuiteRunner.java:396)
at org.testng.SuiteRunner.privateRun(SuiteRunner.java:355)
at org.testng.SuiteRunner.run(SuiteRunner.java:304)
at org.testng.SuiteRunnerWorker.runSuite(SuiteRunnerWorker.java:53)
at org.testng.SuiteRunnerWorker.run(SuiteRunnerWorker.java:96)
at org.testng.TestNG.runSuitesSequentially(TestNG.java:1180)
at org.testng.TestNG.runSuitesLocally(TestNG.java:1102)
at org.testng.TestNG.runSuites(TestNG.java:1032)
at org.testng.TestNG.run(TestNG.java:1000)
at org.testng.remote.AbstractRemoteTestNG.run(AbstractRemoteTestNG.java:115)
at org.testng.remote.RemoteTestNG.initAndRun(RemoteTestNG.java:251)
at org.testng.remote.RemoteTestNG.main(RemoteTestNG.java:77)
]]>
    </failure>
  </testcase> <!-- @BeforeMethod setUp -->
  <testcase name="@AfterMethod tearDown" time="-1.615382230606E9" classname="com.deque.axe.AccessibilityTest">
    <skipped/>
  </testcase> <!-- @AfterMethod tearDown -->
  <testcase name="@BeforeMethod setUp" time="-1.615382230606E9" classname="com.deque.axe.AccessibilityTest">
    <skipped/>
  </testcase> <!-- @BeforeMethod setUp -->
  <testcase name="@AfterMethod tearDown" time="-1.615382230622E9" classname="com.deque.axe.AccessibilityTest">
    <skipped/>
  </testcase> <!-- @AfterMethod tearDown -->
  <testcase name="@BeforeMethod setUp" time="-1.615382230622E9" classname="com.deque.axe.AccessibilityTest">
    <skipped/>
  </testcase> <!-- @BeforeMethod setUp -->
  <testcase name="@AfterMethod tearDown" time="-1.615382230622E9" classname="com.deque.axe.AccessibilityTest">
    <skipped/>
  </testcase> <!-- @AfterMethod tearDown -->
  <testcase name="@BeforeMethod setUp" time="-1.615382230622E9" classname="com.deque.axe.AccessibilityTest">
    <skipped/>
  </testcase> <!-- @BeforeMethod setUp -->
  <testcase name="@AfterMethod tearDown" time="-1.615382230622E9" classname="com.deque.axe.AccessibilityTest">
    <skipped/>
  </testcase> <!-- @AfterMethod tearDown -->
  <testcase name="@BeforeMethod setUp" time="-1.615382230636E9" classname="com.deque.axe.AccessibilityTest">
    <skipped/>
  </testcase> <!-- @BeforeMethod setUp -->
  <testcase name="@AfterMethod tearDown" time="-1.615382230653E9" classname="com.deque.axe.AccessibilityTest">
    <skipped/>
  </testcase> <!-- @AfterMethod tearDown -->
  <testcase name="@BeforeMethod setUp" time="-1.615382230653E9" classname="com.deque.axe.AccessibilityTest">
    <skipped/>
  </testcase> <!-- @BeforeMethod setUp -->
  <testcase name="@AfterMethod tearDown" time="-1.615382230668E9" classname="com.deque.axe.AccessibilityTest">
    <skipped/>
  </testcase> <!-- @AfterMethod tearDown -->
  <testcase name="@BeforeMethod setUp" time="-1.615382230668E9" classname="com.deque.axe.AccessibilityTest">
    <skipped/>
  </testcase> <!-- @BeforeMethod setUp -->
  <testcase name="@AfterMethod tearDown" time="-1.615382230684E9" classname="com.deque.axe.AccessibilityTest">
    <skipped/>
  </testcase> <!-- @AfterMethod tearDown -->
  <testcase name="@BeforeMethod setUp" time="-1.615382230684E9" classname="com.deque.axe.AccessibilityTest">
    <skipped/>
  </testcase> <!-- @BeforeMethod setUp -->
  <testcase name="@AfterMethod tearDown" time="-1.615382230724E9" classname="com.deque.axe.AccessibilityTest">
    <skipped/>
  </testcase> <!-- @AfterMethod tearDown -->
  <testcase name="testAccessibility" time="0.0" classname="com.deque.axe.AccessibilityTest">
    <skipped/>
  </testcase> <!-- testAccessibility -->
  <testcase name="testAccessibilityWithIncludesAndExcludes" time="0.0" classname="com.deque.axe.AccessibilityTest">
    <skipped/>
  </testcase> <!-- testAccessibilityWithIncludesAndExcludes -->
  <testcase name="testAccessibilityWithOptions" time="0.0" classname="com.deque.axe.AccessibilityTest">
    <skipped/>
  </testcase> <!-- testAccessibilityWithOptions -->
  <testcase name="testAccessibilityWithSelector" time="0.0" classname="com.deque.axe.AccessibilityTest">
    <skipped/>
  </testcase> <!-- testAccessibilityWithSelector -->
  <testcase name="testAccessibilityWithShadowElement" time="0.0" classname="com.deque.axe.AccessibilityTest">
    <skipped/>
  </testcase> <!-- testAccessibilityWithShadowElement -->
  <testcase name="testAccessibilityWithSkipFrames" time="0.0" classname="com.deque.axe.AccessibilityTest">
    <skipped/>
  </testcase> <!-- testAccessibilityWithSkipFrames -->
  <testcase name="testAccessibilityWithWebElement" time="0.0" classname="com.deque.axe.AccessibilityTest">
    <skipped/>
  </testcase> <!-- testAccessibilityWithWebElement -->
  <testcase name="testAxeErrorHandling" time="0.0" classname="com.deque.axe.AccessibilityTest">
    <skipped/>
  </testcase> <!-- testAxeErrorHandling -->
</testsuite> <!-- Default test -->
