<?xml version="1.0" encoding="UTF-8"?>
<testng-results skipped="8" failed="0" ignored="0" total="8" passed="0">
  <reporter-output>
  </reporter-output>
  <suite name="Default suite" duration-ms="5111" started-at="2021-03-10T18:47:05 IST" finished-at="2021-03-10T18:47:10 IST">
    <groups>
    </groups>
    <test name="Default test" duration-ms="5111" started-at="2021-03-10T18:47:05 IST" finished-at="2021-03-10T18:47:10 IST">
      <class name="com.deque.axe.AccessibilityTest">
        <test-method status="PASS" signature="setProperty()[pri:0, instance:com.deque.axe.AccessibilityTest@6a472554]" name="setProperty" is-config="true" duration-ms="15" started-at="2021-03-10T18:47:05 IST" finished-at="2021-03-10T18:47:05 IST">
          <reporter-output>
          </reporter-output>
        </test-method> <!-- setProperty -->
        <test-method status="FAIL" signature="setUp()[pri:0, instance:com.deque.axe.AccessibilityTest@6a472554]" name="setUp" is-config="true" duration-ms="4887" started-at="2021-03-10T18:47:05 IST" finished-at="2021-03-10T18:47:10 IST">
          <exception class="org.openqa.selenium.SessionNotCreatedException">
            <message>
              <![CDATA[session not created: This version of ChromeDriver only supports Chrome version 86
Current browser version is 88.0.4324.190 with binary path C:\Program Files (x86)\Google\Chrome\Application\chrome.exe
Build info: version: '3.5.2', revision: '10229a9', time: '2017-08-21T17:29:55.15Z'
System info: host: 'LAPTOP-IA3PVLBB', ip: '192.168.51.36', os.name: 'Windows 10', os.arch: 'amd64', os.version: '10.0', java.version: '1.8.0_144'
Driver info: driver.version: ChromeDriver
remote stacktrace: Backtrace:
Ordinal0 [0x00BAC013+3194899]
Ordinal0 [0x00A96021+2056225]
Ordinal0 [0x0092F608+587272]
Ordinal0 [0x008B1BF3+72691]
Ordinal0 [0x008AE229+57897]
Ordinal0 [0x008AC64A+50762]
Ordinal0 [0x008D1EE9+204521]
Ordinal0 [0x008D1D0D+204045]
Ordinal0 [0x008CFC1B+195611]
Ordinal0 [0x008B3B7F+80767]
Ordinal0 [0x008B4B4E+84814]
Ordinal0 [0x008B4AD9+84697]
Ordinal0 [0x00AACE64+2149988]
GetHandleVerifier [0x00D1BE95+1400773]
GetHandleVerifier [0x00D1BB61+1399953]
GetHandleVerifier [0x00D231FA+1430314]
GetHandleVerifier [0x00D1C69F+1402831]
Ordinal0 [0x00AA3D61+2112865]
Ordinal0 [0x00AAE5CB+2155979]
Ordinal0 [0x00AAE6F5+2156277]
Ordinal0 [0x00ABF26E+2224750]
BaseThreadInitThunk [0x77296359+25]
RtlGetAppContainerNamedObjectPath [0x77D77A94+228]
RtlGetAppContainerNamedObjectPath [0x77D77A64+180]
]]>
            </message>
            <full-stacktrace>
              <![CDATA[org.openqa.selenium.SessionNotCreatedException: session not created: This version of ChromeDriver only supports Chrome version 86
Current browser version is 88.0.4324.190 with binary path C:\Program Files (x86)\Google\Chrome\Application\chrome.exe
Build info: version: '3.5.2', revision: '10229a9', time: '2017-08-21T17:29:55.15Z'
System info: host: 'LAPTOP-IA3PVLBB', ip: '192.168.51.36', os.name: 'Windows 10', os.arch: 'amd64', os.version: '10.0', java.version: '1.8.0_144'
Driver info: driver.version: ChromeDriver
remote stacktrace: Backtrace:
Ordinal0 [0x00BAC013+3194899]
Ordinal0 [0x00A96021+2056225]
Ordinal0 [0x0092F608+587272]
Ordinal0 [0x008B1BF3+72691]
Ordinal0 [0x008AE229+57897]
Ordinal0 [0x008AC64A+50762]
Ordinal0 [0x008D1EE9+204521]
Ordinal0 [0x008D1D0D+204045]
Ordinal0 [0x008CFC1B+195611]
Ordinal0 [0x008B3B7F+80767]
Ordinal0 [0x008B4B4E+84814]
Ordinal0 [0x008B4AD9+84697]
Ordinal0 [0x00AACE64+2149988]
GetHandleVerifier [0x00D1BE95+1400773]
GetHandleVerifier [0x00D1BB61+1399953]
GetHandleVerifier [0x00D231FA+1430314]
GetHandleVerifier [0x00D1C69F+1402831]
Ordinal0 [0x00AA3D61+2112865]
Ordinal0 [0x00AAE5CB+2155979]
Ordinal0 [0x00AAE6F5+2156277]
Ordinal0 [0x00ABF26E+2224750]
BaseThreadInitThunk [0x77296359+25]
RtlGetAppContainerNamedObjectPath [0x77D77A94+228]
RtlGetAppContainerNamedObjectPath [0x77D77A64+180]

at sun.reflect.NativeConstructorAccessorImpl.newInstance0(Native Method)
at sun.reflect.NativeConstructorAccessorImpl.newInstance(NativeConstructorAccessorImpl.java:62)
at sun.reflect.DelegatingConstructorAccessorImpl.newInstance(DelegatingConstructorAccessorImpl.java:45)
at java.lang.reflect.Constructor.newInstance(Constructor.java:423)
at org.openqa.selenium.remote.W3CHandshakeResponse.lambda$new$0(W3CHandshakeResponse.java:57)
at org.openqa.selenium.remote.W3CHandshakeResponse.lambda$getResponseFunction$2(W3CHandshakeResponse.java:104)
at org.openqa.selenium.remote.ProtocolHandshake.lambda$createSession$24(ProtocolHandshake.java:359)
at java.util.stream.ReferencePipeline$3$1.accept(ReferencePipeline.java:193)
at java.util.Spliterators$ArraySpliterator.tryAdvance(Spliterators.java:958)
at java.util.stream.ReferencePipeline.forEachWithCancel(ReferencePipeline.java:126)
at java.util.stream.AbstractPipeline.copyIntoWithCancel(AbstractPipeline.java:498)
at java.util.stream.AbstractPipeline.copyInto(AbstractPipeline.java:485)
at java.util.stream.AbstractPipeline.wrapAndCopyInto(AbstractPipeline.java:471)
at java.util.stream.FindOps$FindOp.evaluateSequential(FindOps.java:152)
at java.util.stream.AbstractPipeline.evaluate(AbstractPipeline.java:234)
at java.util.stream.ReferencePipeline.findFirst(ReferencePipeline.java:464)
at org.openqa.selenium.remote.ProtocolHandshake.createSession(ProtocolHandshake.java:362)
at org.openqa.selenium.remote.ProtocolHandshake.createSession(ProtocolHandshake.java:136)
at org.openqa.selenium.remote.HttpCommandExecutor.execute(HttpCommandExecutor.java:142)
at org.openqa.selenium.remote.service.DriverCommandExecutor.execute(DriverCommandExecutor.java:82)
at org.openqa.selenium.remote.RemoteWebDriver.execute(RemoteWebDriver.java:641)
at org.openqa.selenium.remote.RemoteWebDriver.startSession(RemoteWebDriver.java:254)
at org.openqa.selenium.remote.RemoteWebDriver.startSession(RemoteWebDriver.java:236)
at org.openqa.selenium.remote.RemoteWebDriver.<init>(RemoteWebDriver.java:137)
at org.openqa.selenium.chrome.ChromeDriver.<init>(ChromeDriver.java:178)
at org.openqa.selenium.chrome.ChromeDriver.<init>(ChromeDriver.java:167)
at org.openqa.selenium.chrome.ChromeDriver.<init>(ChromeDriver.java:124)
at com.deque.axe.AccessibilityTest.setUp(AccessibilityTest.java:59)
at sun.reflect.NativeMethodAccessorImpl.invoke0(Native Method)
at sun.reflect.NativeMethodAccessorImpl.invoke(NativeMethodAccessorImpl.java:62)
at sun.reflect.DelegatingMethodAccessorImpl.invoke(DelegatingMethodAccessorImpl.java:43)
at java.lang.reflect.Method.invoke(Method.java:498)
at org.testng.internal.MethodInvocationHelper.invokeMethod(MethodInvocationHelper.java:133)
at org.testng.internal.MethodInvocationHelper.invokeMethodConsideringTimeout(MethodInvocationHelper.java:62)
at org.testng.internal.ConfigInvoker.invokeConfigurationMethod(ConfigInvoker.java:340)
at org.testng.internal.ConfigInvoker.invokeConfigurations(ConfigInvoker.java:294)
at org.testng.internal.TestInvoker.runConfigMethods(TestInvoker.java:683)
at org.testng.internal.TestInvoker.invokeMethod(TestInvoker.java:510)
at org.testng.internal.TestInvoker.invokeTestMethod(TestInvoker.java:172)
at org.testng.internal.MethodRunner.runInSequence(MethodRunner.java:46)
at org.testng.internal.TestInvoker$MethodInvocationAgent.invoke(TestInvoker.java:804)
at org.testng.internal.TestInvoker.invokeTestMethods(TestInvoker.java:145)
at org.testng.internal.TestMethodWorker.invokeTestMethods(TestMethodWorker.java:146)
at org.testng.internal.TestMethodWorker.run(TestMethodWorker.java:128)
at java.util.ArrayList.forEach(ArrayList.java:1249)
at org.testng.TestRunner.privateRun(TestRunner.java:770)
at org.testng.TestRunner.run(TestRunner.java:591)
at org.testng.SuiteRunner.runTest(SuiteRunner.java:402)
at org.testng.SuiteRunner.runSequentially(SuiteRunner.java:396)
at org.testng.SuiteRunner.privateRun(SuiteRunner.java:355)
at org.testng.SuiteRunner.run(SuiteRunner.java:304)
at org.testng.SuiteRunnerWorker.runSuite(SuiteRunnerWorker.java:53)
at org.testng.SuiteRunnerWorker.run(SuiteRunnerWorker.java:96)
at org.testng.TestNG.runSuitesSequentially(TestNG.java:1180)
at org.testng.TestNG.runSuitesLocally(TestNG.java:1102)
at org.testng.TestNG.runSuites(TestNG.java:1032)
at org.testng.TestNG.run(TestNG.java:1000)
at org.testng.remote.AbstractRemoteTestNG.run(AbstractRemoteTestNG.java:115)
at org.testng.remote.RemoteTestNG.initAndRun(RemoteTestNG.java:251)
at org.testng.remote.RemoteTestNG.main(RemoteTestNG.java:77)
]]>
            </full-stacktrace>
          </exception> <!-- org.openqa.selenium.SessionNotCreatedException -->
          <reporter-output>
          </reporter-output>
        </test-method> <!-- setUp -->
        <test-method status="SKIP" signature="testAccessibilityWithIncludesAndExcludes()[pri:0, instance:com.deque.axe.AccessibilityTest@6a472554]" name="testAccessibilityWithIncludesAndExcludes" duration-ms="0" started-at="2021-03-10T18:47:10 IST" finished-at="2021-03-10T18:47:10 IST">
          <exception class="org.openqa.selenium.SessionNotCreatedException">
            <message>
              <![CDATA[session not created: This version of ChromeDriver only supports Chrome version 86
Current browser version is 88.0.4324.190 with binary path C:\Program Files (x86)\Google\Chrome\Application\chrome.exe
Build info: version: '3.5.2', revision: '10229a9', time: '2017-08-21T17:29:55.15Z'
System info: host: 'LAPTOP-IA3PVLBB', ip: '192.168.51.36', os.name: 'Windows 10', os.arch: 'amd64', os.version: '10.0', java.version: '1.8.0_144'
Driver info: driver.version: ChromeDriver
remote stacktrace: Backtrace:
Ordinal0 [0x00BAC013+3194899]
Ordinal0 [0x00A96021+2056225]
Ordinal0 [0x0092F608+587272]
Ordinal0 [0x008B1BF3+72691]
Ordinal0 [0x008AE229+57897]
Ordinal0 [0x008AC64A+50762]
Ordinal0 [0x008D1EE9+204521]
Ordinal0 [0x008D1D0D+204045]
Ordinal0 [0x008CFC1B+195611]
Ordinal0 [0x008B3B7F+80767]
Ordinal0 [0x008B4B4E+84814]
Ordinal0 [0x008B4AD9+84697]
Ordinal0 [0x00AACE64+2149988]
GetHandleVerifier [0x00D1BE95+1400773]
GetHandleVerifier [0x00D1BB61+1399953]
GetHandleVerifier [0x00D231FA+1430314]
GetHandleVerifier [0x00D1C69F+1402831]
Ordinal0 [0x00AA3D61+2112865]
Ordinal0 [0x00AAE5CB+2155979]
Ordinal0 [0x00AAE6F5+2156277]
Ordinal0 [0x00ABF26E+2224750]
BaseThreadInitThunk [0x77296359+25]
RtlGetAppContainerNamedObjectPath [0x77D77A94+228]
RtlGetAppContainerNamedObjectPath [0x77D77A64+180]
]]>
            </message>
            <full-stacktrace>
              <![CDATA[org.openqa.selenium.SessionNotCreatedException: session not created: This version of ChromeDriver only supports Chrome version 86
Current browser version is 88.0.4324.190 with binary path C:\Program Files (x86)\Google\Chrome\Application\chrome.exe
Build info: version: '3.5.2', revision: '10229a9', time: '2017-08-21T17:29:55.15Z'
System info: host: 'LAPTOP-IA3PVLBB', ip: '192.168.51.36', os.name: 'Windows 10', os.arch: 'amd64', os.version: '10.0', java.version: '1.8.0_144'
Driver info: driver.version: ChromeDriver
remote stacktrace: Backtrace:
Ordinal0 [0x00BAC013+3194899]
Ordinal0 [0x00A96021+2056225]
Ordinal0 [0x0092F608+587272]
Ordinal0 [0x008B1BF3+72691]
Ordinal0 [0x008AE229+57897]
Ordinal0 [0x008AC64A+50762]
Ordinal0 [0x008D1EE9+204521]
Ordinal0 [0x008D1D0D+204045]
Ordinal0 [0x008CFC1B+195611]
Ordinal0 [0x008B3B7F+80767]
Ordinal0 [0x008B4B4E+84814]
Ordinal0 [0x008B4AD9+84697]
Ordinal0 [0x00AACE64+2149988]
GetHandleVerifier [0x00D1BE95+1400773]
GetHandleVerifier [0x00D1BB61+1399953]
GetHandleVerifier [0x00D231FA+1430314]
GetHandleVerifier [0x00D1C69F+1402831]
Ordinal0 [0x00AA3D61+2112865]
Ordinal0 [0x00AAE5CB+2155979]
Ordinal0 [0x00AAE6F5+2156277]
Ordinal0 [0x00ABF26E+2224750]
BaseThreadInitThunk [0x77296359+25]
RtlGetAppContainerNamedObjectPath [0x77D77A94+228]
RtlGetAppContainerNamedObjectPath [0x77D77A64+180]

at sun.reflect.NativeConstructorAccessorImpl.newInstance0(Native Method)
at sun.reflect.NativeConstructorAccessorImpl.newInstance(NativeConstructorAccessorImpl.java:62)
at sun.reflect.DelegatingConstructorAccessorImpl.newInstance(DelegatingConstructorAccessorImpl.java:45)
at java.lang.reflect.Constructor.newInstance(Constructor.java:423)
at org.openqa.selenium.remote.W3CHandshakeResponse.lambda$new$0(W3CHandshakeResponse.java:57)
at org.openqa.selenium.remote.W3CHandshakeResponse.lambda$getResponseFunction$2(W3CHandshakeResponse.java:104)
at org.openqa.selenium.remote.ProtocolHandshake.lambda$createSession$24(ProtocolHandshake.java:359)
at java.util.stream.ReferencePipeline$3$1.accept(ReferencePipeline.java:193)
at java.util.Spliterators$ArraySpliterator.tryAdvance(Spliterators.java:958)
at java.util.stream.ReferencePipeline.forEachWithCancel(ReferencePipeline.java:126)
at java.util.stream.AbstractPipeline.copyIntoWithCancel(AbstractPipeline.java:498)
at java.util.stream.AbstractPipeline.copyInto(AbstractPipeline.java:485)
at java.util.stream.AbstractPipeline.wrapAndCopyInto(AbstractPipeline.java:471)
at java.util.stream.FindOps$FindOp.evaluateSequential(FindOps.java:152)
at java.util.stream.AbstractPipeline.evaluate(AbstractPipeline.java:234)
at java.util.stream.ReferencePipeline.findFirst(ReferencePipeline.java:464)
at org.openqa.selenium.remote.ProtocolHandshake.createSession(ProtocolHandshake.java:362)
at org.openqa.selenium.remote.ProtocolHandshake.createSession(ProtocolHandshake.java:136)
at org.openqa.selenium.remote.HttpCommandExecutor.execute(HttpCommandExecutor.java:142)
at org.openqa.selenium.remote.service.DriverCommandExecutor.execute(DriverCommandExecutor.java:82)
at org.openqa.selenium.remote.RemoteWebDriver.execute(RemoteWebDriver.java:641)
at org.openqa.selenium.remote.RemoteWebDriver.startSession(RemoteWebDriver.java:254)
at org.openqa.selenium.remote.RemoteWebDriver.startSession(RemoteWebDriver.java:236)
at org.openqa.selenium.remote.RemoteWebDriver.<init>(RemoteWebDriver.java:137)
at org.openqa.selenium.chrome.ChromeDriver.<init>(ChromeDriver.java:178)
at org.openqa.selenium.chrome.ChromeDriver.<init>(ChromeDriver.java:167)
at org.openqa.selenium.chrome.ChromeDriver.<init>(ChromeDriver.java:124)
at com.deque.axe.AccessibilityTest.setUp(AccessibilityTest.java:59)
at sun.reflect.NativeMethodAccessorImpl.invoke0(Native Method)
at sun.reflect.NativeMethodAccessorImpl.invoke(NativeMethodAccessorImpl.java:62)
at sun.reflect.DelegatingMethodAccessorImpl.invoke(DelegatingMethodAccessorImpl.java:43)
at java.lang.reflect.Method.invoke(Method.java:498)
at org.testng.internal.MethodInvocationHelper.invokeMethod(MethodInvocationHelper.java:133)
at org.testng.internal.MethodInvocationHelper.invokeMethodConsideringTimeout(MethodInvocationHelper.java:62)
at org.testng.internal.ConfigInvoker.invokeConfigurationMethod(ConfigInvoker.java:340)
at org.testng.internal.ConfigInvoker.invokeConfigurations(ConfigInvoker.java:294)
at org.testng.internal.TestInvoker.runConfigMethods(TestInvoker.java:683)
at org.testng.internal.TestInvoker.invokeMethod(TestInvoker.java:510)
at org.testng.internal.TestInvoker.invokeTestMethod(TestInvoker.java:172)
at org.testng.internal.MethodRunner.runInSequence(MethodRunner.java:46)
at org.testng.internal.TestInvoker$MethodInvocationAgent.invoke(TestInvoker.java:804)
at org.testng.internal.TestInvoker.invokeTestMethods(TestInvoker.java:145)
at org.testng.internal.TestMethodWorker.invokeTestMethods(TestMethodWorker.java:146)
at org.testng.internal.TestMethodWorker.run(TestMethodWorker.java:128)
at java.util.ArrayList.forEach(ArrayList.java:1249)
at org.testng.TestRunner.privateRun(TestRunner.java:770)
at org.testng.TestRunner.run(TestRunner.java:591)
at org.testng.SuiteRunner.runTest(SuiteRunner.java:402)
at org.testng.SuiteRunner.runSequentially(SuiteRunner.java:396)
at org.testng.SuiteRunner.privateRun(SuiteRunner.java:355)
at org.testng.SuiteRunner.run(SuiteRunner.java:304)
at org.testng.SuiteRunnerWorker.runSuite(SuiteRunnerWorker.java:53)
at org.testng.SuiteRunnerWorker.run(SuiteRunnerWorker.java:96)
at org.testng.TestNG.runSuitesSequentially(TestNG.java:1180)
at org.testng.TestNG.runSuitesLocally(TestNG.java:1102)
at org.testng.TestNG.runSuites(TestNG.java:1032)
at org.testng.TestNG.run(TestNG.java:1000)
at org.testng.remote.AbstractRemoteTestNG.run(AbstractRemoteTestNG.java:115)
at org.testng.remote.RemoteTestNG.initAndRun(RemoteTestNG.java:251)
at org.testng.remote.RemoteTestNG.main(RemoteTestNG.java:77)
]]>
            </full-stacktrace>
          </exception> <!-- org.openqa.selenium.SessionNotCreatedException -->
          <reporter-output>
          </reporter-output>
        </test-method> <!-- testAccessibilityWithIncludesAndExcludes -->
        <test-method status="SKIP" signature="setUp()[pri:0, instance:com.deque.axe.AccessibilityTest@6a472554]" name="setUp" is-config="true" duration-ms="-1615382230606" started-at="2021-03-10T18:47:10 IST" finished-at="1970-01-01T05:30:00 IST">
          <reporter-output>
          </reporter-output>
        </test-method> <!-- setUp -->
        <test-method status="SKIP" signature="tearDown()[pri:0, instance:com.deque.axe.AccessibilityTest@6a472554]" name="tearDown" is-config="true" duration-ms="-1615382230606" started-at="2021-03-10T18:47:10 IST" finished-at="1970-01-01T05:30:00 IST">
          <reporter-output>
          </reporter-output>
        </test-method> <!-- tearDown -->
        <test-method status="SKIP" signature="testAccessibility()[pri:0, instance:com.deque.axe.AccessibilityTest@6a472554]" name="testAccessibility" duration-ms="0" started-at="2021-03-10T18:47:10 IST" finished-at="2021-03-10T18:47:10 IST">
          <exception class="org.openqa.selenium.SessionNotCreatedException">
            <message>
              <![CDATA[session not created: This version of ChromeDriver only supports Chrome version 86
Current browser version is 88.0.4324.190 with binary path C:\Program Files (x86)\Google\Chrome\Application\chrome.exe
Build info: version: '3.5.2', revision: '10229a9', time: '2017-08-21T17:29:55.15Z'
System info: host: 'LAPTOP-IA3PVLBB', ip: '192.168.51.36', os.name: 'Windows 10', os.arch: 'amd64', os.version: '10.0', java.version: '1.8.0_144'
Driver info: driver.version: ChromeDriver
remote stacktrace: Backtrace:
Ordinal0 [0x00BAC013+3194899]
Ordinal0 [0x00A96021+2056225]
Ordinal0 [0x0092F608+587272]
Ordinal0 [0x008B1BF3+72691]
Ordinal0 [0x008AE229+57897]
Ordinal0 [0x008AC64A+50762]
Ordinal0 [0x008D1EE9+204521]
Ordinal0 [0x008D1D0D+204045]
Ordinal0 [0x008CFC1B+195611]
Ordinal0 [0x008B3B7F+80767]
Ordinal0 [0x008B4B4E+84814]
Ordinal0 [0x008B4AD9+84697]
Ordinal0 [0x00AACE64+2149988]
GetHandleVerifier [0x00D1BE95+1400773]
GetHandleVerifier [0x00D1BB61+1399953]
GetHandleVerifier [0x00D231FA+1430314]
GetHandleVerifier [0x00D1C69F+1402831]
Ordinal0 [0x00AA3D61+2112865]
Ordinal0 [0x00AAE5CB+2155979]
Ordinal0 [0x00AAE6F5+2156277]
Ordinal0 [0x00ABF26E+2224750]
BaseThreadInitThunk [0x77296359+25]
RtlGetAppContainerNamedObjectPath [0x77D77A94+228]
RtlGetAppContainerNamedObjectPath [0x77D77A64+180]
]]>
            </message>
            <full-stacktrace>
              <![CDATA[org.openqa.selenium.SessionNotCreatedException: session not created: This version of ChromeDriver only supports Chrome version 86
Current browser version is 88.0.4324.190 with binary path C:\Program Files (x86)\Google\Chrome\Application\chrome.exe
Build info: version: '3.5.2', revision: '10229a9', time: '2017-08-21T17:29:55.15Z'
System info: host: 'LAPTOP-IA3PVLBB', ip: '192.168.51.36', os.name: 'Windows 10', os.arch: 'amd64', os.version: '10.0', java.version: '1.8.0_144'
Driver info: driver.version: ChromeDriver
remote stacktrace: Backtrace:
Ordinal0 [0x00BAC013+3194899]
Ordinal0 [0x00A96021+2056225]
Ordinal0 [0x0092F608+587272]
Ordinal0 [0x008B1BF3+72691]
Ordinal0 [0x008AE229+57897]
Ordinal0 [0x008AC64A+50762]
Ordinal0 [0x008D1EE9+204521]
Ordinal0 [0x008D1D0D+204045]
Ordinal0 [0x008CFC1B+195611]
Ordinal0 [0x008B3B7F+80767]
Ordinal0 [0x008B4B4E+84814]
Ordinal0 [0x008B4AD9+84697]
Ordinal0 [0x00AACE64+2149988]
GetHandleVerifier [0x00D1BE95+1400773]
GetHandleVerifier [0x00D1BB61+1399953]
GetHandleVerifier [0x00D231FA+1430314]
GetHandleVerifier [0x00D1C69F+1402831]
Ordinal0 [0x00AA3D61+2112865]
Ordinal0 [0x00AAE5CB+2155979]
Ordinal0 [0x00AAE6F5+2156277]
Ordinal0 [0x00ABF26E+2224750]
BaseThreadInitThunk [0x77296359+25]
RtlGetAppContainerNamedObjectPath [0x77D77A94+228]
RtlGetAppContainerNamedObjectPath [0x77D77A64+180]

at sun.reflect.NativeConstructorAccessorImpl.newInstance0(Native Method)
at sun.reflect.NativeConstructorAccessorImpl.newInstance(NativeConstructorAccessorImpl.java:62)
at sun.reflect.DelegatingConstructorAccessorImpl.newInstance(DelegatingConstructorAccessorImpl.java:45)
at java.lang.reflect.Constructor.newInstance(Constructor.java:423)
at org.openqa.selenium.remote.W3CHandshakeResponse.lambda$new$0(W3CHandshakeResponse.java:57)
at org.openqa.selenium.remote.W3CHandshakeResponse.lambda$getResponseFunction$2(W3CHandshakeResponse.java:104)
at org.openqa.selenium.remote.ProtocolHandshake.lambda$createSession$24(ProtocolHandshake.java:359)
at java.util.stream.ReferencePipeline$3$1.accept(ReferencePipeline.java:193)
at java.util.Spliterators$ArraySpliterator.tryAdvance(Spliterators.java:958)
at java.util.stream.ReferencePipeline.forEachWithCancel(ReferencePipeline.java:126)
at java.util.stream.AbstractPipeline.copyIntoWithCancel(AbstractPipeline.java:498)
at java.util.stream.AbstractPipeline.copyInto(AbstractPipeline.java:485)
at java.util.stream.AbstractPipeline.wrapAndCopyInto(AbstractPipeline.java:471)
at java.util.stream.FindOps$FindOp.evaluateSequential(FindOps.java:152)
at java.util.stream.AbstractPipeline.evaluate(AbstractPipeline.java:234)
at java.util.stream.ReferencePipeline.findFirst(ReferencePipeline.java:464)
at org.openqa.selenium.remote.ProtocolHandshake.createSession(ProtocolHandshake.java:362)
at org.openqa.selenium.remote.ProtocolHandshake.createSession(ProtocolHandshake.java:136)
at org.openqa.selenium.remote.HttpCommandExecutor.execute(HttpCommandExecutor.java:142)
at org.openqa.selenium.remote.service.DriverCommandExecutor.execute(DriverCommandExecutor.java:82)
at org.openqa.selenium.remote.RemoteWebDriver.execute(RemoteWebDriver.java:641)
at org.openqa.selenium.remote.RemoteWebDriver.startSession(RemoteWebDriver.java:254)
at org.openqa.selenium.remote.RemoteWebDriver.startSession(RemoteWebDriver.java:236)
at org.openqa.selenium.remote.RemoteWebDriver.<init>(RemoteWebDriver.java:137)
at org.openqa.selenium.chrome.ChromeDriver.<init>(ChromeDriver.java:178)
at org.openqa.selenium.chrome.ChromeDriver.<init>(ChromeDriver.java:167)
at org.openqa.selenium.chrome.ChromeDriver.<init>(ChromeDriver.java:124)
at com.deque.axe.AccessibilityTest.setUp(AccessibilityTest.java:59)
at sun.reflect.NativeMethodAccessorImpl.invoke0(Native Method)
at sun.reflect.NativeMethodAccessorImpl.invoke(NativeMethodAccessorImpl.java:62)
at sun.reflect.DelegatingMethodAccessorImpl.invoke(DelegatingMethodAccessorImpl.java:43)
at java.lang.reflect.Method.invoke(Method.java:498)
at org.testng.internal.MethodInvocationHelper.invokeMethod(MethodInvocationHelper.java:133)
at org.testng.internal.MethodInvocationHelper.invokeMethodConsideringTimeout(MethodInvocationHelper.java:62)
at org.testng.internal.ConfigInvoker.invokeConfigurationMethod(ConfigInvoker.java:340)
at org.testng.internal.ConfigInvoker.invokeConfigurations(ConfigInvoker.java:294)
at org.testng.internal.TestInvoker.runConfigMethods(TestInvoker.java:683)
at org.testng.internal.TestInvoker.invokeMethod(TestInvoker.java:510)
at org.testng.internal.TestInvoker.invokeTestMethod(TestInvoker.java:172)
at org.testng.internal.MethodRunner.runInSequence(MethodRunner.java:46)
at org.testng.internal.TestInvoker$MethodInvocationAgent.invoke(TestInvoker.java:804)
at org.testng.internal.TestInvoker.invokeTestMethods(TestInvoker.java:145)
at org.testng.internal.TestMethodWorker.invokeTestMethods(TestMethodWorker.java:146)
at org.testng.internal.TestMethodWorker.run(TestMethodWorker.java:128)
at java.util.ArrayList.forEach(ArrayList.java:1249)
at org.testng.TestRunner.privateRun(TestRunner.java:770)
at org.testng.TestRunner.run(TestRunner.java:591)
at org.testng.SuiteRunner.runTest(SuiteRunner.java:402)
at org.testng.SuiteRunner.runSequentially(SuiteRunner.java:396)
at org.testng.SuiteRunner.privateRun(SuiteRunner.java:355)
at org.testng.SuiteRunner.run(SuiteRunner.java:304)
at org.testng.SuiteRunnerWorker.runSuite(SuiteRunnerWorker.java:53)
at org.testng.SuiteRunnerWorker.run(SuiteRunnerWorker.java:96)
at org.testng.TestNG.runSuitesSequentially(TestNG.java:1180)
at org.testng.TestNG.runSuitesLocally(TestNG.java:1102)
at org.testng.TestNG.runSuites(TestNG.java:1032)
at org.testng.TestNG.run(TestNG.java:1000)
at org.testng.remote.AbstractRemoteTestNG.run(AbstractRemoteTestNG.java:115)
at org.testng.remote.RemoteTestNG.initAndRun(RemoteTestNG.java:251)
at org.testng.remote.RemoteTestNG.main(RemoteTestNG.java:77)
]]>
            </full-stacktrace>
          </exception> <!-- org.openqa.selenium.SessionNotCreatedException -->
          <reporter-output>
          </reporter-output>
        </test-method> <!-- testAccessibility -->
        <test-method status="SKIP" signature="tearDown()[pri:0, instance:com.deque.axe.AccessibilityTest@6a472554]" name="tearDown" is-config="true" duration-ms="-1615382230622" started-at="2021-03-10T18:47:10 IST" finished-at="1970-01-01T05:30:00 IST">
          <reporter-output>
          </reporter-output>
        </test-method> <!-- tearDown -->
        <test-method status="SKIP" signature="testAccessibilityWithSelector()[pri:0, instance:com.deque.axe.AccessibilityTest@6a472554]" name="testAccessibilityWithSelector" duration-ms="0" started-at="2021-03-10T18:47:10 IST" finished-at="2021-03-10T18:47:10 IST">
          <exception class="org.openqa.selenium.SessionNotCreatedException">
            <message>
              <![CDATA[session not created: This version of ChromeDriver only supports Chrome version 86
Current browser version is 88.0.4324.190 with binary path C:\Program Files (x86)\Google\Chrome\Application\chrome.exe
Build info: version: '3.5.2', revision: '10229a9', time: '2017-08-21T17:29:55.15Z'
System info: host: 'LAPTOP-IA3PVLBB', ip: '192.168.51.36', os.name: 'Windows 10', os.arch: 'amd64', os.version: '10.0', java.version: '1.8.0_144'
Driver info: driver.version: ChromeDriver
remote stacktrace: Backtrace:
Ordinal0 [0x00BAC013+3194899]
Ordinal0 [0x00A96021+2056225]
Ordinal0 [0x0092F608+587272]
Ordinal0 [0x008B1BF3+72691]
Ordinal0 [0x008AE229+57897]
Ordinal0 [0x008AC64A+50762]
Ordinal0 [0x008D1EE9+204521]
Ordinal0 [0x008D1D0D+204045]
Ordinal0 [0x008CFC1B+195611]
Ordinal0 [0x008B3B7F+80767]
Ordinal0 [0x008B4B4E+84814]
Ordinal0 [0x008B4AD9+84697]
Ordinal0 [0x00AACE64+2149988]
GetHandleVerifier [0x00D1BE95+1400773]
GetHandleVerifier [0x00D1BB61+1399953]
GetHandleVerifier [0x00D231FA+1430314]
GetHandleVerifier [0x00D1C69F+1402831]
Ordinal0 [0x00AA3D61+2112865]
Ordinal0 [0x00AAE5CB+2155979]
Ordinal0 [0x00AAE6F5+2156277]
Ordinal0 [0x00ABF26E+2224750]
BaseThreadInitThunk [0x77296359+25]
RtlGetAppContainerNamedObjectPath [0x77D77A94+228]
RtlGetAppContainerNamedObjectPath [0x77D77A64+180]
]]>
            </message>
            <full-stacktrace>
              <![CDATA[org.openqa.selenium.SessionNotCreatedException: session not created: This version of ChromeDriver only supports Chrome version 86
Current browser version is 88.0.4324.190 with binary path C:\Program Files (x86)\Google\Chrome\Application\chrome.exe
Build info: version: '3.5.2', revision: '10229a9', time: '2017-08-21T17:29:55.15Z'
System info: host: 'LAPTOP-IA3PVLBB', ip: '192.168.51.36', os.name: 'Windows 10', os.arch: 'amd64', os.version: '10.0', java.version: '1.8.0_144'
Driver info: driver.version: ChromeDriver
remote stacktrace: Backtrace:
Ordinal0 [0x00BAC013+3194899]
Ordinal0 [0x00A96021+2056225]
Ordinal0 [0x0092F608+587272]
Ordinal0 [0x008B1BF3+72691]
Ordinal0 [0x008AE229+57897]
Ordinal0 [0x008AC64A+50762]
Ordinal0 [0x008D1EE9+204521]
Ordinal0 [0x008D1D0D+204045]
Ordinal0 [0x008CFC1B+195611]
Ordinal0 [0x008B3B7F+80767]
Ordinal0 [0x008B4B4E+84814]
Ordinal0 [0x008B4AD9+84697]
Ordinal0 [0x00AACE64+2149988]
GetHandleVerifier [0x00D1BE95+1400773]
GetHandleVerifier [0x00D1BB61+1399953]
GetHandleVerifier [0x00D231FA+1430314]
GetHandleVerifier [0x00D1C69F+1402831]
Ordinal0 [0x00AA3D61+2112865]
Ordinal0 [0x00AAE5CB+2155979]
Ordinal0 [0x00AAE6F5+2156277]
Ordinal0 [0x00ABF26E+2224750]
BaseThreadInitThunk [0x77296359+25]
RtlGetAppContainerNamedObjectPath [0x77D77A94+228]
RtlGetAppContainerNamedObjectPath [0x77D77A64+180]

at sun.reflect.NativeConstructorAccessorImpl.newInstance0(Native Method)
at sun.reflect.NativeConstructorAccessorImpl.newInstance(NativeConstructorAccessorImpl.java:62)
at sun.reflect.DelegatingConstructorAccessorImpl.newInstance(DelegatingConstructorAccessorImpl.java:45)
at java.lang.reflect.Constructor.newInstance(Constructor.java:423)
at org.openqa.selenium.remote.W3CHandshakeResponse.lambda$new$0(W3CHandshakeResponse.java:57)
at org.openqa.selenium.remote.W3CHandshakeResponse.lambda$getResponseFunction$2(W3CHandshakeResponse.java:104)
at org.openqa.selenium.remote.ProtocolHandshake.lambda$createSession$24(ProtocolHandshake.java:359)
at java.util.stream.ReferencePipeline$3$1.accept(ReferencePipeline.java:193)
at java.util.Spliterators$ArraySpliterator.tryAdvance(Spliterators.java:958)
at java.util.stream.ReferencePipeline.forEachWithCancel(ReferencePipeline.java:126)
at java.util.stream.AbstractPipeline.copyIntoWithCancel(AbstractPipeline.java:498)
at java.util.stream.AbstractPipeline.copyInto(AbstractPipeline.java:485)
at java.util.stream.AbstractPipeline.wrapAndCopyInto(AbstractPipeline.java:471)
at java.util.stream.FindOps$FindOp.evaluateSequential(FindOps.java:152)
at java.util.stream.AbstractPipeline.evaluate(AbstractPipeline.java:234)
at java.util.stream.ReferencePipeline.findFirst(ReferencePipeline.java:464)
at org.openqa.selenium.remote.ProtocolHandshake.createSession(ProtocolHandshake.java:362)
at org.openqa.selenium.remote.ProtocolHandshake.createSession(ProtocolHandshake.java:136)
at org.openqa.selenium.remote.HttpCommandExecutor.execute(HttpCommandExecutor.java:142)
at org.openqa.selenium.remote.service.DriverCommandExecutor.execute(DriverCommandExecutor.java:82)
at org.openqa.selenium.remote.RemoteWebDriver.execute(RemoteWebDriver.java:641)
at org.openqa.selenium.remote.RemoteWebDriver.startSession(RemoteWebDriver.java:254)
at org.openqa.selenium.remote.RemoteWebDriver.startSession(RemoteWebDriver.java:236)
at org.openqa.selenium.remote.RemoteWebDriver.<init>(RemoteWebDriver.java:137)
at org.openqa.selenium.chrome.ChromeDriver.<init>(ChromeDriver.java:178)
at org.openqa.selenium.chrome.ChromeDriver.<init>(ChromeDriver.java:167)
at org.openqa.selenium.chrome.ChromeDriver.<init>(ChromeDriver.java:124)
at com.deque.axe.AccessibilityTest.setUp(AccessibilityTest.java:59)
at sun.reflect.NativeMethodAccessorImpl.invoke0(Native Method)
at sun.reflect.NativeMethodAccessorImpl.invoke(NativeMethodAccessorImpl.java:62)
at sun.reflect.DelegatingMethodAccessorImpl.invoke(DelegatingMethodAccessorImpl.java:43)
at java.lang.reflect.Method.invoke(Method.java:498)
at org.testng.internal.MethodInvocationHelper.invokeMethod(MethodInvocationHelper.java:133)
at org.testng.internal.MethodInvocationHelper.invokeMethodConsideringTimeout(MethodInvocationHelper.java:62)
at org.testng.internal.ConfigInvoker.invokeConfigurationMethod(ConfigInvoker.java:340)
at org.testng.internal.ConfigInvoker.invokeConfigurations(ConfigInvoker.java:294)
at org.testng.internal.TestInvoker.runConfigMethods(TestInvoker.java:683)
at org.testng.internal.TestInvoker.invokeMethod(TestInvoker.java:510)
at org.testng.internal.TestInvoker.invokeTestMethod(TestInvoker.java:172)
at org.testng.internal.MethodRunner.runInSequence(MethodRunner.java:46)
at org.testng.internal.TestInvoker$MethodInvocationAgent.invoke(TestInvoker.java:804)
at org.testng.internal.TestInvoker.invokeTestMethods(TestInvoker.java:145)
at org.testng.internal.TestMethodWorker.invokeTestMethods(TestMethodWorker.java:146)
at org.testng.internal.TestMethodWorker.run(TestMethodWorker.java:128)
at java.util.ArrayList.forEach(ArrayList.java:1249)
at org.testng.TestRunner.privateRun(TestRunner.java:770)
at org.testng.TestRunner.run(TestRunner.java:591)
at org.testng.SuiteRunner.runTest(SuiteRunner.java:402)
at org.testng.SuiteRunner.runSequentially(SuiteRunner.java:396)
at org.testng.SuiteRunner.privateRun(SuiteRunner.java:355)
at org.testng.SuiteRunner.run(SuiteRunner.java:304)
at org.testng.SuiteRunnerWorker.runSuite(SuiteRunnerWorker.java:53)
at org.testng.SuiteRunnerWorker.run(SuiteRunnerWorker.java:96)
at org.testng.TestNG.runSuitesSequentially(TestNG.java:1180)
at org.testng.TestNG.runSuitesLocally(TestNG.java:1102)
at org.testng.TestNG.runSuites(TestNG.java:1032)
at org.testng.TestNG.run(TestNG.java:1000)
at org.testng.remote.AbstractRemoteTestNG.run(AbstractRemoteTestNG.java:115)
at org.testng.remote.RemoteTestNG.initAndRun(RemoteTestNG.java:251)
at org.testng.remote.RemoteTestNG.main(RemoteTestNG.java:77)
]]>
            </full-stacktrace>
          </exception> <!-- org.openqa.selenium.SessionNotCreatedException -->
          <reporter-output>
          </reporter-output>
        </test-method> <!-- testAccessibilityWithSelector -->
        <test-method status="SKIP" signature="tearDown()[pri:0, instance:com.deque.axe.AccessibilityTest@6a472554]" name="tearDown" is-config="true" duration-ms="-1615382230622" started-at="2021-03-10T18:47:10 IST" finished-at="1970-01-01T05:30:00 IST">
          <reporter-output>
          </reporter-output>
        </test-method> <!-- tearDown -->
        <test-method status="SKIP" signature="setUp()[pri:0, instance:com.deque.axe.AccessibilityTest@6a472554]" name="setUp" is-config="true" duration-ms="-1615382230622" started-at="2021-03-10T18:47:10 IST" finished-at="1970-01-01T05:30:00 IST">
          <reporter-output>
          </reporter-output>
        </test-method> <!-- setUp -->
        <test-method status="SKIP" signature="testAccessibilityWithOptions()[pri:0, instance:com.deque.axe.AccessibilityTest@6a472554]" name="testAccessibilityWithOptions" duration-ms="0" started-at="2021-03-10T18:47:10 IST" finished-at="2021-03-10T18:47:10 IST">
          <exception class="org.openqa.selenium.SessionNotCreatedException">
            <message>
              <![CDATA[session not created: This version of ChromeDriver only supports Chrome version 86
Current browser version is 88.0.4324.190 with binary path C:\Program Files (x86)\Google\Chrome\Application\chrome.exe
Build info: version: '3.5.2', revision: '10229a9', time: '2017-08-21T17:29:55.15Z'
System info: host: 'LAPTOP-IA3PVLBB', ip: '192.168.51.36', os.name: 'Windows 10', os.arch: 'amd64', os.version: '10.0', java.version: '1.8.0_144'
Driver info: driver.version: ChromeDriver
remote stacktrace: Backtrace:
Ordinal0 [0x00BAC013+3194899]
Ordinal0 [0x00A96021+2056225]
Ordinal0 [0x0092F608+587272]
Ordinal0 [0x008B1BF3+72691]
Ordinal0 [0x008AE229+57897]
Ordinal0 [0x008AC64A+50762]
Ordinal0 [0x008D1EE9+204521]
Ordinal0 [0x008D1D0D+204045]
Ordinal0 [0x008CFC1B+195611]
Ordinal0 [0x008B3B7F+80767]
Ordinal0 [0x008B4B4E+84814]
Ordinal0 [0x008B4AD9+84697]
Ordinal0 [0x00AACE64+2149988]
GetHandleVerifier [0x00D1BE95+1400773]
GetHandleVerifier [0x00D1BB61+1399953]
GetHandleVerifier [0x00D231FA+1430314]
GetHandleVerifier [0x00D1C69F+1402831]
Ordinal0 [0x00AA3D61+2112865]
Ordinal0 [0x00AAE5CB+2155979]
Ordinal0 [0x00AAE6F5+2156277]
Ordinal0 [0x00ABF26E+2224750]
BaseThreadInitThunk [0x77296359+25]
RtlGetAppContainerNamedObjectPath [0x77D77A94+228]
RtlGetAppContainerNamedObjectPath [0x77D77A64+180]
]]>
            </message>
            <full-stacktrace>
              <![CDATA[org.openqa.selenium.SessionNotCreatedException: session not created: This version of ChromeDriver only supports Chrome version 86
Current browser version is 88.0.4324.190 with binary path C:\Program Files (x86)\Google\Chrome\Application\chrome.exe
Build info: version: '3.5.2', revision: '10229a9', time: '2017-08-21T17:29:55.15Z'
System info: host: 'LAPTOP-IA3PVLBB', ip: '192.168.51.36', os.name: 'Windows 10', os.arch: 'amd64', os.version: '10.0', java.version: '1.8.0_144'
Driver info: driver.version: ChromeDriver
remote stacktrace: Backtrace:
Ordinal0 [0x00BAC013+3194899]
Ordinal0 [0x00A96021+2056225]
Ordinal0 [0x0092F608+587272]
Ordinal0 [0x008B1BF3+72691]
Ordinal0 [0x008AE229+57897]
Ordinal0 [0x008AC64A+50762]
Ordinal0 [0x008D1EE9+204521]
Ordinal0 [0x008D1D0D+204045]
Ordinal0 [0x008CFC1B+195611]
Ordinal0 [0x008B3B7F+80767]
Ordinal0 [0x008B4B4E+84814]
Ordinal0 [0x008B4AD9+84697]
Ordinal0 [0x00AACE64+2149988]
GetHandleVerifier [0x00D1BE95+1400773]
GetHandleVerifier [0x00D1BB61+1399953]
GetHandleVerifier [0x00D231FA+1430314]
GetHandleVerifier [0x00D1C69F+1402831]
Ordinal0 [0x00AA3D61+2112865]
Ordinal0 [0x00AAE5CB+2155979]
Ordinal0 [0x00AAE6F5+2156277]
Ordinal0 [0x00ABF26E+2224750]
BaseThreadInitThunk [0x77296359+25]
RtlGetAppContainerNamedObjectPath [0x77D77A94+228]
RtlGetAppContainerNamedObjectPath [0x77D77A64+180]

at sun.reflect.NativeConstructorAccessorImpl.newInstance0(Native Method)
at sun.reflect.NativeConstructorAccessorImpl.newInstance(NativeConstructorAccessorImpl.java:62)
at sun.reflect.DelegatingConstructorAccessorImpl.newInstance(DelegatingConstructorAccessorImpl.java:45)
at java.lang.reflect.Constructor.newInstance(Constructor.java:423)
at org.openqa.selenium.remote.W3CHandshakeResponse.lambda$new$0(W3CHandshakeResponse.java:57)
at org.openqa.selenium.remote.W3CHandshakeResponse.lambda$getResponseFunction$2(W3CHandshakeResponse.java:104)
at org.openqa.selenium.remote.ProtocolHandshake.lambda$createSession$24(ProtocolHandshake.java:359)
at java.util.stream.ReferencePipeline$3$1.accept(ReferencePipeline.java:193)
at java.util.Spliterators$ArraySpliterator.tryAdvance(Spliterators.java:958)
at java.util.stream.ReferencePipeline.forEachWithCancel(ReferencePipeline.java:126)
at java.util.stream.AbstractPipeline.copyIntoWithCancel(AbstractPipeline.java:498)
at java.util.stream.AbstractPipeline.copyInto(AbstractPipeline.java:485)
at java.util.stream.AbstractPipeline.wrapAndCopyInto(AbstractPipeline.java:471)
at java.util.stream.FindOps$FindOp.evaluateSequential(FindOps.java:152)
at java.util.stream.AbstractPipeline.evaluate(AbstractPipeline.java:234)
at java.util.stream.ReferencePipeline.findFirst(ReferencePipeline.java:464)
at org.openqa.selenium.remote.ProtocolHandshake.createSession(ProtocolHandshake.java:362)
at org.openqa.selenium.remote.ProtocolHandshake.createSession(ProtocolHandshake.java:136)
at org.openqa.selenium.remote.HttpCommandExecutor.execute(HttpCommandExecutor.java:142)
at org.openqa.selenium.remote.service.DriverCommandExecutor.execute(DriverCommandExecutor.java:82)
at org.openqa.selenium.remote.RemoteWebDriver.execute(RemoteWebDriver.java:641)
at org.openqa.selenium.remote.RemoteWebDriver.startSession(RemoteWebDriver.java:254)
at org.openqa.selenium.remote.RemoteWebDriver.startSession(RemoteWebDriver.java:236)
at org.openqa.selenium.remote.RemoteWebDriver.<init>(RemoteWebDriver.java:137)
at org.openqa.selenium.chrome.ChromeDriver.<init>(ChromeDriver.java:178)
at org.openqa.selenium.chrome.ChromeDriver.<init>(ChromeDriver.java:167)
at org.openqa.selenium.chrome.ChromeDriver.<init>(ChromeDriver.java:124)
at com.deque.axe.AccessibilityTest.setUp(AccessibilityTest.java:59)
at sun.reflect.NativeMethodAccessorImpl.invoke0(Native Method)
at sun.reflect.NativeMethodAccessorImpl.invoke(NativeMethodAccessorImpl.java:62)
at sun.reflect.DelegatingMethodAccessorImpl.invoke(DelegatingMethodAccessorImpl.java:43)
at java.lang.reflect.Method.invoke(Method.java:498)
at org.testng.internal.MethodInvocationHelper.invokeMethod(MethodInvocationHelper.java:133)
at org.testng.internal.MethodInvocationHelper.invokeMethodConsideringTimeout(MethodInvocationHelper.java:62)
at org.testng.internal.ConfigInvoker.invokeConfigurationMethod(ConfigInvoker.java:340)
at org.testng.internal.ConfigInvoker.invokeConfigurations(ConfigInvoker.java:294)
at org.testng.internal.TestInvoker.runConfigMethods(TestInvoker.java:683)
at org.testng.internal.TestInvoker.invokeMethod(TestInvoker.java:510)
at org.testng.internal.TestInvoker.invokeTestMethod(TestInvoker.java:172)
at org.testng.internal.MethodRunner.runInSequence(MethodRunner.java:46)
at org.testng.internal.TestInvoker$MethodInvocationAgent.invoke(TestInvoker.java:804)
at org.testng.internal.TestInvoker.invokeTestMethods(TestInvoker.java:145)
at org.testng.internal.TestMethodWorker.invokeTestMethods(TestMethodWorker.java:146)
at org.testng.internal.TestMethodWorker.run(TestMethodWorker.java:128)
at java.util.ArrayList.forEach(ArrayList.java:1249)
at org.testng.TestRunner.privateRun(TestRunner.java:770)
at org.testng.TestRunner.run(TestRunner.java:591)
at org.testng.SuiteRunner.runTest(SuiteRunner.java:402)
at org.testng.SuiteRunner.runSequentially(SuiteRunner.java:396)
at org.testng.SuiteRunner.privateRun(SuiteRunner.java:355)
at org.testng.SuiteRunner.run(SuiteRunner.java:304)
at org.testng.SuiteRunnerWorker.runSuite(SuiteRunnerWorker.java:53)
at org.testng.SuiteRunnerWorker.run(SuiteRunnerWorker.java:96)
at org.testng.TestNG.runSuitesSequentially(TestNG.java:1180)
at org.testng.TestNG.runSuitesLocally(TestNG.java:1102)
at org.testng.TestNG.runSuites(TestNG.java:1032)
at org.testng.TestNG.run(TestNG.java:1000)
at org.testng.remote.AbstractRemoteTestNG.run(AbstractRemoteTestNG.java:115)
at org.testng.remote.RemoteTestNG.initAndRun(RemoteTestNG.java:251)
at org.testng.remote.RemoteTestNG.main(RemoteTestNG.java:77)
]]>
            </full-stacktrace>
          </exception> <!-- org.openqa.selenium.SessionNotCreatedException -->
          <reporter-output>
          </reporter-output>
        </test-method> <!-- testAccessibilityWithOptions -->
        <test-method status="SKIP" signature="tearDown()[pri:0, instance:com.deque.axe.AccessibilityTest@6a472554]" name="tearDown" is-config="true" duration-ms="-1615382230622" started-at="2021-03-10T18:47:10 IST" finished-at="1970-01-01T05:30:00 IST">
          <reporter-output>
          </reporter-output>
        </test-method> <!-- tearDown -->
        <test-method status="SKIP" signature="setUp()[pri:0, instance:com.deque.axe.AccessibilityTest@6a472554]" name="setUp" is-config="true" duration-ms="-1615382230622" started-at="2021-03-10T18:47:10 IST" finished-at="1970-01-01T05:30:00 IST">
          <reporter-output>
          </reporter-output>
        </test-method> <!-- setUp -->
        <test-method status="SKIP" signature="setUp()[pri:0, instance:com.deque.axe.AccessibilityTest@6a472554]" name="setUp" is-config="true" duration-ms="-1615382230636" started-at="2021-03-10T18:47:10 IST" finished-at="1970-01-01T05:30:00 IST">
          <reporter-output>
          </reporter-output>
        </test-method> <!-- setUp -->
        <test-method status="SKIP" signature="testAccessibilityWithShadowElement()[pri:0, instance:com.deque.axe.AccessibilityTest@6a472554]" name="testAccessibilityWithShadowElement" duration-ms="0" started-at="2021-03-10T18:47:10 IST" finished-at="2021-03-10T18:47:10 IST">
          <exception class="org.openqa.selenium.SessionNotCreatedException">
            <message>
              <![CDATA[session not created: This version of ChromeDriver only supports Chrome version 86
Current browser version is 88.0.4324.190 with binary path C:\Program Files (x86)\Google\Chrome\Application\chrome.exe
Build info: version: '3.5.2', revision: '10229a9', time: '2017-08-21T17:29:55.15Z'
System info: host: 'LAPTOP-IA3PVLBB', ip: '192.168.51.36', os.name: 'Windows 10', os.arch: 'amd64', os.version: '10.0', java.version: '1.8.0_144'
Driver info: driver.version: ChromeDriver
remote stacktrace: Backtrace:
Ordinal0 [0x00BAC013+3194899]
Ordinal0 [0x00A96021+2056225]
Ordinal0 [0x0092F608+587272]
Ordinal0 [0x008B1BF3+72691]
Ordinal0 [0x008AE229+57897]
Ordinal0 [0x008AC64A+50762]
Ordinal0 [0x008D1EE9+204521]
Ordinal0 [0x008D1D0D+204045]
Ordinal0 [0x008CFC1B+195611]
Ordinal0 [0x008B3B7F+80767]
Ordinal0 [0x008B4B4E+84814]
Ordinal0 [0x008B4AD9+84697]
Ordinal0 [0x00AACE64+2149988]
GetHandleVerifier [0x00D1BE95+1400773]
GetHandleVerifier [0x00D1BB61+1399953]
GetHandleVerifier [0x00D231FA+1430314]
GetHandleVerifier [0x00D1C69F+1402831]
Ordinal0 [0x00AA3D61+2112865]
Ordinal0 [0x00AAE5CB+2155979]
Ordinal0 [0x00AAE6F5+2156277]
Ordinal0 [0x00ABF26E+2224750]
BaseThreadInitThunk [0x77296359+25]
RtlGetAppContainerNamedObjectPath [0x77D77A94+228]
RtlGetAppContainerNamedObjectPath [0x77D77A64+180]
]]>
            </message>
            <full-stacktrace>
              <![CDATA[org.openqa.selenium.SessionNotCreatedException: session not created: This version of ChromeDriver only supports Chrome version 86
Current browser version is 88.0.4324.190 with binary path C:\Program Files (x86)\Google\Chrome\Application\chrome.exe
Build info: version: '3.5.2', revision: '10229a9', time: '2017-08-21T17:29:55.15Z'
System info: host: 'LAPTOP-IA3PVLBB', ip: '192.168.51.36', os.name: 'Windows 10', os.arch: 'amd64', os.version: '10.0', java.version: '1.8.0_144'
Driver info: driver.version: ChromeDriver
remote stacktrace: Backtrace:
Ordinal0 [0x00BAC013+3194899]
Ordinal0 [0x00A96021+2056225]
Ordinal0 [0x0092F608+587272]
Ordinal0 [0x008B1BF3+72691]
Ordinal0 [0x008AE229+57897]
Ordinal0 [0x008AC64A+50762]
Ordinal0 [0x008D1EE9+204521]
Ordinal0 [0x008D1D0D+204045]
Ordinal0 [0x008CFC1B+195611]
Ordinal0 [0x008B3B7F+80767]
Ordinal0 [0x008B4B4E+84814]
Ordinal0 [0x008B4AD9+84697]
Ordinal0 [0x00AACE64+2149988]
GetHandleVerifier [0x00D1BE95+1400773]
GetHandleVerifier [0x00D1BB61+1399953]
GetHandleVerifier [0x00D231FA+1430314]
GetHandleVerifier [0x00D1C69F+1402831]
Ordinal0 [0x00AA3D61+2112865]
Ordinal0 [0x00AAE5CB+2155979]
Ordinal0 [0x00AAE6F5+2156277]
Ordinal0 [0x00ABF26E+2224750]
BaseThreadInitThunk [0x77296359+25]
RtlGetAppContainerNamedObjectPath [0x77D77A94+228]
RtlGetAppContainerNamedObjectPath [0x77D77A64+180]

at sun.reflect.NativeConstructorAccessorImpl.newInstance0(Native Method)
at sun.reflect.NativeConstructorAccessorImpl.newInstance(NativeConstructorAccessorImpl.java:62)
at sun.reflect.DelegatingConstructorAccessorImpl.newInstance(DelegatingConstructorAccessorImpl.java:45)
at java.lang.reflect.Constructor.newInstance(Constructor.java:423)
at org.openqa.selenium.remote.W3CHandshakeResponse.lambda$new$0(W3CHandshakeResponse.java:57)
at org.openqa.selenium.remote.W3CHandshakeResponse.lambda$getResponseFunction$2(W3CHandshakeResponse.java:104)
at org.openqa.selenium.remote.ProtocolHandshake.lambda$createSession$24(ProtocolHandshake.java:359)
at java.util.stream.ReferencePipeline$3$1.accept(ReferencePipeline.java:193)
at java.util.Spliterators$ArraySpliterator.tryAdvance(Spliterators.java:958)
at java.util.stream.ReferencePipeline.forEachWithCancel(ReferencePipeline.java:126)
at java.util.stream.AbstractPipeline.copyIntoWithCancel(AbstractPipeline.java:498)
at java.util.stream.AbstractPipeline.copyInto(AbstractPipeline.java:485)
at java.util.stream.AbstractPipeline.wrapAndCopyInto(AbstractPipeline.java:471)
at java.util.stream.FindOps$FindOp.evaluateSequential(FindOps.java:152)
at java.util.stream.AbstractPipeline.evaluate(AbstractPipeline.java:234)
at java.util.stream.ReferencePipeline.findFirst(ReferencePipeline.java:464)
at org.openqa.selenium.remote.ProtocolHandshake.createSession(ProtocolHandshake.java:362)
at org.openqa.selenium.remote.ProtocolHandshake.createSession(ProtocolHandshake.java:136)
at org.openqa.selenium.remote.HttpCommandExecutor.execute(HttpCommandExecutor.java:142)
at org.openqa.selenium.remote.service.DriverCommandExecutor.execute(DriverCommandExecutor.java:82)
at org.openqa.selenium.remote.RemoteWebDriver.execute(RemoteWebDriver.java:641)
at org.openqa.selenium.remote.RemoteWebDriver.startSession(RemoteWebDriver.java:254)
at org.openqa.selenium.remote.RemoteWebDriver.startSession(RemoteWebDriver.java:236)
at org.openqa.selenium.remote.RemoteWebDriver.<init>(RemoteWebDriver.java:137)
at org.openqa.selenium.chrome.ChromeDriver.<init>(ChromeDriver.java:178)
at org.openqa.selenium.chrome.ChromeDriver.<init>(ChromeDriver.java:167)
at org.openqa.selenium.chrome.ChromeDriver.<init>(ChromeDriver.java:124)
at com.deque.axe.AccessibilityTest.setUp(AccessibilityTest.java:59)
at sun.reflect.NativeMethodAccessorImpl.invoke0(Native Method)
at sun.reflect.NativeMethodAccessorImpl.invoke(NativeMethodAccessorImpl.java:62)
at sun.reflect.DelegatingMethodAccessorImpl.invoke(DelegatingMethodAccessorImpl.java:43)
at java.lang.reflect.Method.invoke(Method.java:498)
at org.testng.internal.MethodInvocationHelper.invokeMethod(MethodInvocationHelper.java:133)
at org.testng.internal.MethodInvocationHelper.invokeMethodConsideringTimeout(MethodInvocationHelper.java:62)
at org.testng.internal.ConfigInvoker.invokeConfigurationMethod(ConfigInvoker.java:340)
at org.testng.internal.ConfigInvoker.invokeConfigurations(ConfigInvoker.java:294)
at org.testng.internal.TestInvoker.runConfigMethods(TestInvoker.java:683)
at org.testng.internal.TestInvoker.invokeMethod(TestInvoker.java:510)
at org.testng.internal.TestInvoker.invokeTestMethod(TestInvoker.java:172)
at org.testng.internal.MethodRunner.runInSequence(MethodRunner.java:46)
at org.testng.internal.TestInvoker$MethodInvocationAgent.invoke(TestInvoker.java:804)
at org.testng.internal.TestInvoker.invokeTestMethods(TestInvoker.java:145)
at org.testng.internal.TestMethodWorker.invokeTestMethods(TestMethodWorker.java:146)
at org.testng.internal.TestMethodWorker.run(TestMethodWorker.java:128)
at java.util.ArrayList.forEach(ArrayList.java:1249)
at org.testng.TestRunner.privateRun(TestRunner.java:770)
at org.testng.TestRunner.run(TestRunner.java:591)
at org.testng.SuiteRunner.runTest(SuiteRunner.java:402)
at org.testng.SuiteRunner.runSequentially(SuiteRunner.java:396)
at org.testng.SuiteRunner.privateRun(SuiteRunner.java:355)
at org.testng.SuiteRunner.run(SuiteRunner.java:304)
at org.testng.SuiteRunnerWorker.runSuite(SuiteRunnerWorker.java:53)
at org.testng.SuiteRunnerWorker.run(SuiteRunnerWorker.java:96)
at org.testng.TestNG.runSuitesSequentially(TestNG.java:1180)
at org.testng.TestNG.runSuitesLocally(TestNG.java:1102)
at org.testng.TestNG.runSuites(TestNG.java:1032)
at org.testng.TestNG.run(TestNG.java:1000)
at org.testng.remote.AbstractRemoteTestNG.run(AbstractRemoteTestNG.java:115)
at org.testng.remote.RemoteTestNG.initAndRun(RemoteTestNG.java:251)
at org.testng.remote.RemoteTestNG.main(RemoteTestNG.java:77)
]]>
            </full-stacktrace>
          </exception> <!-- org.openqa.selenium.SessionNotCreatedException -->
          <reporter-output>
          </reporter-output>
        </test-method> <!-- testAccessibilityWithShadowElement -->
        <test-method status="SKIP" signature="testAccessibilityWithSkipFrames()[pri:0, instance:com.deque.axe.AccessibilityTest@6a472554]" name="testAccessibilityWithSkipFrames" duration-ms="0" started-at="2021-03-10T18:47:10 IST" finished-at="2021-03-10T18:47:10 IST">
          <exception class="org.openqa.selenium.SessionNotCreatedException">
            <message>
              <![CDATA[session not created: This version of ChromeDriver only supports Chrome version 86
Current browser version is 88.0.4324.190 with binary path C:\Program Files (x86)\Google\Chrome\Application\chrome.exe
Build info: version: '3.5.2', revision: '10229a9', time: '2017-08-21T17:29:55.15Z'
System info: host: 'LAPTOP-IA3PVLBB', ip: '192.168.51.36', os.name: 'Windows 10', os.arch: 'amd64', os.version: '10.0', java.version: '1.8.0_144'
Driver info: driver.version: ChromeDriver
remote stacktrace: Backtrace:
Ordinal0 [0x00BAC013+3194899]
Ordinal0 [0x00A96021+2056225]
Ordinal0 [0x0092F608+587272]
Ordinal0 [0x008B1BF3+72691]
Ordinal0 [0x008AE229+57897]
Ordinal0 [0x008AC64A+50762]
Ordinal0 [0x008D1EE9+204521]
Ordinal0 [0x008D1D0D+204045]
Ordinal0 [0x008CFC1B+195611]
Ordinal0 [0x008B3B7F+80767]
Ordinal0 [0x008B4B4E+84814]
Ordinal0 [0x008B4AD9+84697]
Ordinal0 [0x00AACE64+2149988]
GetHandleVerifier [0x00D1BE95+1400773]
GetHandleVerifier [0x00D1BB61+1399953]
GetHandleVerifier [0x00D231FA+1430314]
GetHandleVerifier [0x00D1C69F+1402831]
Ordinal0 [0x00AA3D61+2112865]
Ordinal0 [0x00AAE5CB+2155979]
Ordinal0 [0x00AAE6F5+2156277]
Ordinal0 [0x00ABF26E+2224750]
BaseThreadInitThunk [0x77296359+25]
RtlGetAppContainerNamedObjectPath [0x77D77A94+228]
RtlGetAppContainerNamedObjectPath [0x77D77A64+180]
]]>
            </message>
            <full-stacktrace>
              <![CDATA[org.openqa.selenium.SessionNotCreatedException: session not created: This version of ChromeDriver only supports Chrome version 86
Current browser version is 88.0.4324.190 with binary path C:\Program Files (x86)\Google\Chrome\Application\chrome.exe
Build info: version: '3.5.2', revision: '10229a9', time: '2017-08-21T17:29:55.15Z'
System info: host: 'LAPTOP-IA3PVLBB', ip: '192.168.51.36', os.name: 'Windows 10', os.arch: 'amd64', os.version: '10.0', java.version: '1.8.0_144'
Driver info: driver.version: ChromeDriver
remote stacktrace: Backtrace:
Ordinal0 [0x00BAC013+3194899]
Ordinal0 [0x00A96021+2056225]
Ordinal0 [0x0092F608+587272]
Ordinal0 [0x008B1BF3+72691]
Ordinal0 [0x008AE229+57897]
Ordinal0 [0x008AC64A+50762]
Ordinal0 [0x008D1EE9+204521]
Ordinal0 [0x008D1D0D+204045]
Ordinal0 [0x008CFC1B+195611]
Ordinal0 [0x008B3B7F+80767]
Ordinal0 [0x008B4B4E+84814]
Ordinal0 [0x008B4AD9+84697]
Ordinal0 [0x00AACE64+2149988]
GetHandleVerifier [0x00D1BE95+1400773]
GetHandleVerifier [0x00D1BB61+1399953]
GetHandleVerifier [0x00D231FA+1430314]
GetHandleVerifier [0x00D1C69F+1402831]
Ordinal0 [0x00AA3D61+2112865]
Ordinal0 [0x00AAE5CB+2155979]
Ordinal0 [0x00AAE6F5+2156277]
Ordinal0 [0x00ABF26E+2224750]
BaseThreadInitThunk [0x77296359+25]
RtlGetAppContainerNamedObjectPath [0x77D77A94+228]
RtlGetAppContainerNamedObjectPath [0x77D77A64+180]

at sun.reflect.NativeConstructorAccessorImpl.newInstance0(Native Method)
at sun.reflect.NativeConstructorAccessorImpl.newInstance(NativeConstructorAccessorImpl.java:62)
at sun.reflect.DelegatingConstructorAccessorImpl.newInstance(DelegatingConstructorAccessorImpl.java:45)
at java.lang.reflect.Constructor.newInstance(Constructor.java:423)
at org.openqa.selenium.remote.W3CHandshakeResponse.lambda$new$0(W3CHandshakeResponse.java:57)
at org.openqa.selenium.remote.W3CHandshakeResponse.lambda$getResponseFunction$2(W3CHandshakeResponse.java:104)
at org.openqa.selenium.remote.ProtocolHandshake.lambda$createSession$24(ProtocolHandshake.java:359)
at java.util.stream.ReferencePipeline$3$1.accept(ReferencePipeline.java:193)
at java.util.Spliterators$ArraySpliterator.tryAdvance(Spliterators.java:958)
at java.util.stream.ReferencePipeline.forEachWithCancel(ReferencePipeline.java:126)
at java.util.stream.AbstractPipeline.copyIntoWithCancel(AbstractPipeline.java:498)
at java.util.stream.AbstractPipeline.copyInto(AbstractPipeline.java:485)
at java.util.stream.AbstractPipeline.wrapAndCopyInto(AbstractPipeline.java:471)
at java.util.stream.FindOps$FindOp.evaluateSequential(FindOps.java:152)
at java.util.stream.AbstractPipeline.evaluate(AbstractPipeline.java:234)
at java.util.stream.ReferencePipeline.findFirst(ReferencePipeline.java:464)
at org.openqa.selenium.remote.ProtocolHandshake.createSession(ProtocolHandshake.java:362)
at org.openqa.selenium.remote.ProtocolHandshake.createSession(ProtocolHandshake.java:136)
at org.openqa.selenium.remote.HttpCommandExecutor.execute(HttpCommandExecutor.java:142)
at org.openqa.selenium.remote.service.DriverCommandExecutor.execute(DriverCommandExecutor.java:82)
at org.openqa.selenium.remote.RemoteWebDriver.execute(RemoteWebDriver.java:641)
at org.openqa.selenium.remote.RemoteWebDriver.startSession(RemoteWebDriver.java:254)
at org.openqa.selenium.remote.RemoteWebDriver.startSession(RemoteWebDriver.java:236)
at org.openqa.selenium.remote.RemoteWebDriver.<init>(RemoteWebDriver.java:137)
at org.openqa.selenium.chrome.ChromeDriver.<init>(ChromeDriver.java:178)
at org.openqa.selenium.chrome.ChromeDriver.<init>(ChromeDriver.java:167)
at org.openqa.selenium.chrome.ChromeDriver.<init>(ChromeDriver.java:124)
at com.deque.axe.AccessibilityTest.setUp(AccessibilityTest.java:59)
at sun.reflect.NativeMethodAccessorImpl.invoke0(Native Method)
at sun.reflect.NativeMethodAccessorImpl.invoke(NativeMethodAccessorImpl.java:62)
at sun.reflect.DelegatingMethodAccessorImpl.invoke(DelegatingMethodAccessorImpl.java:43)
at java.lang.reflect.Method.invoke(Method.java:498)
at org.testng.internal.MethodInvocationHelper.invokeMethod(MethodInvocationHelper.java:133)
at org.testng.internal.MethodInvocationHelper.invokeMethodConsideringTimeout(MethodInvocationHelper.java:62)
at org.testng.internal.ConfigInvoker.invokeConfigurationMethod(ConfigInvoker.java:340)
at org.testng.internal.ConfigInvoker.invokeConfigurations(ConfigInvoker.java:294)
at org.testng.internal.TestInvoker.runConfigMethods(TestInvoker.java:683)
at org.testng.internal.TestInvoker.invokeMethod(TestInvoker.java:510)
at org.testng.internal.TestInvoker.invokeTestMethod(TestInvoker.java:172)
at org.testng.internal.MethodRunner.runInSequence(MethodRunner.java:46)
at org.testng.internal.TestInvoker$MethodInvocationAgent.invoke(TestInvoker.java:804)
at org.testng.internal.TestInvoker.invokeTestMethods(TestInvoker.java:145)
at org.testng.internal.TestMethodWorker.invokeTestMethods(TestMethodWorker.java:146)
at org.testng.internal.TestMethodWorker.run(TestMethodWorker.java:128)
at java.util.ArrayList.forEach(ArrayList.java:1249)
at org.testng.TestRunner.privateRun(TestRunner.java:770)
at org.testng.TestRunner.run(TestRunner.java:591)
at org.testng.SuiteRunner.runTest(SuiteRunner.java:402)
at org.testng.SuiteRunner.runSequentially(SuiteRunner.java:396)
at org.testng.SuiteRunner.privateRun(SuiteRunner.java:355)
at org.testng.SuiteRunner.run(SuiteRunner.java:304)
at org.testng.SuiteRunnerWorker.runSuite(SuiteRunnerWorker.java:53)
at org.testng.SuiteRunnerWorker.run(SuiteRunnerWorker.java:96)
at org.testng.TestNG.runSuitesSequentially(TestNG.java:1180)
at org.testng.TestNG.runSuitesLocally(TestNG.java:1102)
at org.testng.TestNG.runSuites(TestNG.java:1032)
at org.testng.TestNG.run(TestNG.java:1000)
at org.testng.remote.AbstractRemoteTestNG.run(AbstractRemoteTestNG.java:115)
at org.testng.remote.RemoteTestNG.initAndRun(RemoteTestNG.java:251)
at org.testng.remote.RemoteTestNG.main(RemoteTestNG.java:77)
]]>
            </full-stacktrace>
          </exception> <!-- org.openqa.selenium.SessionNotCreatedException -->
          <reporter-output>
          </reporter-output>
        </test-method> <!-- testAccessibilityWithSkipFrames -->
        <test-method status="SKIP" signature="setUp()[pri:0, instance:com.deque.axe.AccessibilityTest@6a472554]" name="setUp" is-config="true" duration-ms="-1615382230653" started-at="2021-03-10T18:47:10 IST" finished-at="1970-01-01T05:30:00 IST">
          <reporter-output>
          </reporter-output>
        </test-method> <!-- setUp -->
        <test-method status="SKIP" signature="tearDown()[pri:0, instance:com.deque.axe.AccessibilityTest@6a472554]" name="tearDown" is-config="true" duration-ms="-1615382230653" started-at="2021-03-10T18:47:10 IST" finished-at="1970-01-01T05:30:00 IST">
          <reporter-output>
          </reporter-output>
        </test-method> <!-- tearDown -->
        <test-method status="SKIP" signature="tearDown()[pri:0, instance:com.deque.axe.AccessibilityTest@6a472554]" name="tearDown" is-config="true" duration-ms="-1615382230668" started-at="2021-03-10T18:47:10 IST" finished-at="1970-01-01T05:30:00 IST">
          <reporter-output>
          </reporter-output>
        </test-method> <!-- tearDown -->
        <test-method status="SKIP" signature="setUp()[pri:0, instance:com.deque.axe.AccessibilityTest@6a472554]" name="setUp" is-config="true" duration-ms="-1615382230668" started-at="2021-03-10T18:47:10 IST" finished-at="1970-01-01T05:30:00 IST">
          <reporter-output>
          </reporter-output>
        </test-method> <!-- setUp -->
        <test-method status="SKIP" signature="testAccessibilityWithWebElement()[pri:0, instance:com.deque.axe.AccessibilityTest@6a472554]" name="testAccessibilityWithWebElement" duration-ms="0" started-at="2021-03-10T18:47:10 IST" finished-at="2021-03-10T18:47:10 IST">
          <exception class="org.openqa.selenium.SessionNotCreatedException">
            <message>
              <![CDATA[session not created: This version of ChromeDriver only supports Chrome version 86
Current browser version is 88.0.4324.190 with binary path C:\Program Files (x86)\Google\Chrome\Application\chrome.exe
Build info: version: '3.5.2', revision: '10229a9', time: '2017-08-21T17:29:55.15Z'
System info: host: 'LAPTOP-IA3PVLBB', ip: '192.168.51.36', os.name: 'Windows 10', os.arch: 'amd64', os.version: '10.0', java.version: '1.8.0_144'
Driver info: driver.version: ChromeDriver
remote stacktrace: Backtrace:
Ordinal0 [0x00BAC013+3194899]
Ordinal0 [0x00A96021+2056225]
Ordinal0 [0x0092F608+587272]
Ordinal0 [0x008B1BF3+72691]
Ordinal0 [0x008AE229+57897]
Ordinal0 [0x008AC64A+50762]
Ordinal0 [0x008D1EE9+204521]
Ordinal0 [0x008D1D0D+204045]
Ordinal0 [0x008CFC1B+195611]
Ordinal0 [0x008B3B7F+80767]
Ordinal0 [0x008B4B4E+84814]
Ordinal0 [0x008B4AD9+84697]
Ordinal0 [0x00AACE64+2149988]
GetHandleVerifier [0x00D1BE95+1400773]
GetHandleVerifier [0x00D1BB61+1399953]
GetHandleVerifier [0x00D231FA+1430314]
GetHandleVerifier [0x00D1C69F+1402831]
Ordinal0 [0x00AA3D61+2112865]
Ordinal0 [0x00AAE5CB+2155979]
Ordinal0 [0x00AAE6F5+2156277]
Ordinal0 [0x00ABF26E+2224750]
BaseThreadInitThunk [0x77296359+25]
RtlGetAppContainerNamedObjectPath [0x77D77A94+228]
RtlGetAppContainerNamedObjectPath [0x77D77A64+180]
]]>
            </message>
            <full-stacktrace>
              <![CDATA[org.openqa.selenium.SessionNotCreatedException: session not created: This version of ChromeDriver only supports Chrome version 86
Current browser version is 88.0.4324.190 with binary path C:\Program Files (x86)\Google\Chrome\Application\chrome.exe
Build info: version: '3.5.2', revision: '10229a9', time: '2017-08-21T17:29:55.15Z'
System info: host: 'LAPTOP-IA3PVLBB', ip: '192.168.51.36', os.name: 'Windows 10', os.arch: 'amd64', os.version: '10.0', java.version: '1.8.0_144'
Driver info: driver.version: ChromeDriver
remote stacktrace: Backtrace:
Ordinal0 [0x00BAC013+3194899]
Ordinal0 [0x00A96021+2056225]
Ordinal0 [0x0092F608+587272]
Ordinal0 [0x008B1BF3+72691]
Ordinal0 [0x008AE229+57897]
Ordinal0 [0x008AC64A+50762]
Ordinal0 [0x008D1EE9+204521]
Ordinal0 [0x008D1D0D+204045]
Ordinal0 [0x008CFC1B+195611]
Ordinal0 [0x008B3B7F+80767]
Ordinal0 [0x008B4B4E+84814]
Ordinal0 [0x008B4AD9+84697]
Ordinal0 [0x00AACE64+2149988]
GetHandleVerifier [0x00D1BE95+1400773]
GetHandleVerifier [0x00D1BB61+1399953]
GetHandleVerifier [0x00D231FA+1430314]
GetHandleVerifier [0x00D1C69F+1402831]
Ordinal0 [0x00AA3D61+2112865]
Ordinal0 [0x00AAE5CB+2155979]
Ordinal0 [0x00AAE6F5+2156277]
Ordinal0 [0x00ABF26E+2224750]
BaseThreadInitThunk [0x77296359+25]
RtlGetAppContainerNamedObjectPath [0x77D77A94+228]
RtlGetAppContainerNamedObjectPath [0x77D77A64+180]

at sun.reflect.NativeConstructorAccessorImpl.newInstance0(Native Method)
at sun.reflect.NativeConstructorAccessorImpl.newInstance(NativeConstructorAccessorImpl.java:62)
at sun.reflect.DelegatingConstructorAccessorImpl.newInstance(DelegatingConstructorAccessorImpl.java:45)
at java.lang.reflect.Constructor.newInstance(Constructor.java:423)
at org.openqa.selenium.remote.W3CHandshakeResponse.lambda$new$0(W3CHandshakeResponse.java:57)
at org.openqa.selenium.remote.W3CHandshakeResponse.lambda$getResponseFunction$2(W3CHandshakeResponse.java:104)
at org.openqa.selenium.remote.ProtocolHandshake.lambda$createSession$24(ProtocolHandshake.java:359)
at java.util.stream.ReferencePipeline$3$1.accept(ReferencePipeline.java:193)
at java.util.Spliterators$ArraySpliterator.tryAdvance(Spliterators.java:958)
at java.util.stream.ReferencePipeline.forEachWithCancel(ReferencePipeline.java:126)
at java.util.stream.AbstractPipeline.copyIntoWithCancel(AbstractPipeline.java:498)
at java.util.stream.AbstractPipeline.copyInto(AbstractPipeline.java:485)
at java.util.stream.AbstractPipeline.wrapAndCopyInto(AbstractPipeline.java:471)
at java.util.stream.FindOps$FindOp.evaluateSequential(FindOps.java:152)
at java.util.stream.AbstractPipeline.evaluate(AbstractPipeline.java:234)
at java.util.stream.ReferencePipeline.findFirst(ReferencePipeline.java:464)
at org.openqa.selenium.remote.ProtocolHandshake.createSession(ProtocolHandshake.java:362)
at org.openqa.selenium.remote.ProtocolHandshake.createSession(ProtocolHandshake.java:136)
at org.openqa.selenium.remote.HttpCommandExecutor.execute(HttpCommandExecutor.java:142)
at org.openqa.selenium.remote.service.DriverCommandExecutor.execute(DriverCommandExecutor.java:82)
at org.openqa.selenium.remote.RemoteWebDriver.execute(RemoteWebDriver.java:641)
at org.openqa.selenium.remote.RemoteWebDriver.startSession(RemoteWebDriver.java:254)
at org.openqa.selenium.remote.RemoteWebDriver.startSession(RemoteWebDriver.java:236)
at org.openqa.selenium.remote.RemoteWebDriver.<init>(RemoteWebDriver.java:137)
at org.openqa.selenium.chrome.ChromeDriver.<init>(ChromeDriver.java:178)
at org.openqa.selenium.chrome.ChromeDriver.<init>(ChromeDriver.java:167)
at org.openqa.selenium.chrome.ChromeDriver.<init>(ChromeDriver.java:124)
at com.deque.axe.AccessibilityTest.setUp(AccessibilityTest.java:59)
at sun.reflect.NativeMethodAccessorImpl.invoke0(Native Method)
at sun.reflect.NativeMethodAccessorImpl.invoke(NativeMethodAccessorImpl.java:62)
at sun.reflect.DelegatingMethodAccessorImpl.invoke(DelegatingMethodAccessorImpl.java:43)
at java.lang.reflect.Method.invoke(Method.java:498)
at org.testng.internal.MethodInvocationHelper.invokeMethod(MethodInvocationHelper.java:133)
at org.testng.internal.MethodInvocationHelper.invokeMethodConsideringTimeout(MethodInvocationHelper.java:62)
at org.testng.internal.ConfigInvoker.invokeConfigurationMethod(ConfigInvoker.java:340)
at org.testng.internal.ConfigInvoker.invokeConfigurations(ConfigInvoker.java:294)
at org.testng.internal.TestInvoker.runConfigMethods(TestInvoker.java:683)
at org.testng.internal.TestInvoker.invokeMethod(TestInvoker.java:510)
at org.testng.internal.TestInvoker.invokeTestMethod(TestInvoker.java:172)
at org.testng.internal.MethodRunner.runInSequence(MethodRunner.java:46)
at org.testng.internal.TestInvoker$MethodInvocationAgent.invoke(TestInvoker.java:804)
at org.testng.internal.TestInvoker.invokeTestMethods(TestInvoker.java:145)
at org.testng.internal.TestMethodWorker.invokeTestMethods(TestMethodWorker.java:146)
at org.testng.internal.TestMethodWorker.run(TestMethodWorker.java:128)
at java.util.ArrayList.forEach(ArrayList.java:1249)
at org.testng.TestRunner.privateRun(TestRunner.java:770)
at org.testng.TestRunner.run(TestRunner.java:591)
at org.testng.SuiteRunner.runTest(SuiteRunner.java:402)
at org.testng.SuiteRunner.runSequentially(SuiteRunner.java:396)
at org.testng.SuiteRunner.privateRun(SuiteRunner.java:355)
at org.testng.SuiteRunner.run(SuiteRunner.java:304)
at org.testng.SuiteRunnerWorker.runSuite(SuiteRunnerWorker.java:53)
at org.testng.SuiteRunnerWorker.run(SuiteRunnerWorker.java:96)
at org.testng.TestNG.runSuitesSequentially(TestNG.java:1180)
at org.testng.TestNG.runSuitesLocally(TestNG.java:1102)
at org.testng.TestNG.runSuites(TestNG.java:1032)
at org.testng.TestNG.run(TestNG.java:1000)
at org.testng.remote.AbstractRemoteTestNG.run(AbstractRemoteTestNG.java:115)
at org.testng.remote.RemoteTestNG.initAndRun(RemoteTestNG.java:251)
at org.testng.remote.RemoteTestNG.main(RemoteTestNG.java:77)
]]>
            </full-stacktrace>
          </exception> <!-- org.openqa.selenium.SessionNotCreatedException -->
          <reporter-output>
          </reporter-output>
        </test-method> <!-- testAccessibilityWithWebElement -->
        <test-method status="SKIP" signature="testAxeErrorHandling()[pri:0, instance:com.deque.axe.AccessibilityTest@6a472554]" name="testAxeErrorHandling" duration-ms="0" started-at="2021-03-10T18:47:10 IST" finished-at="2021-03-10T18:47:10 IST">
          <exception class="org.openqa.selenium.SessionNotCreatedException">
            <message>
              <![CDATA[session not created: This version of ChromeDriver only supports Chrome version 86
Current browser version is 88.0.4324.190 with binary path C:\Program Files (x86)\Google\Chrome\Application\chrome.exe
Build info: version: '3.5.2', revision: '10229a9', time: '2017-08-21T17:29:55.15Z'
System info: host: 'LAPTOP-IA3PVLBB', ip: '192.168.51.36', os.name: 'Windows 10', os.arch: 'amd64', os.version: '10.0', java.version: '1.8.0_144'
Driver info: driver.version: ChromeDriver
remote stacktrace: Backtrace:
Ordinal0 [0x00BAC013+3194899]
Ordinal0 [0x00A96021+2056225]
Ordinal0 [0x0092F608+587272]
Ordinal0 [0x008B1BF3+72691]
Ordinal0 [0x008AE229+57897]
Ordinal0 [0x008AC64A+50762]
Ordinal0 [0x008D1EE9+204521]
Ordinal0 [0x008D1D0D+204045]
Ordinal0 [0x008CFC1B+195611]
Ordinal0 [0x008B3B7F+80767]
Ordinal0 [0x008B4B4E+84814]
Ordinal0 [0x008B4AD9+84697]
Ordinal0 [0x00AACE64+2149988]
GetHandleVerifier [0x00D1BE95+1400773]
GetHandleVerifier [0x00D1BB61+1399953]
GetHandleVerifier [0x00D231FA+1430314]
GetHandleVerifier [0x00D1C69F+1402831]
Ordinal0 [0x00AA3D61+2112865]
Ordinal0 [0x00AAE5CB+2155979]
Ordinal0 [0x00AAE6F5+2156277]
Ordinal0 [0x00ABF26E+2224750]
BaseThreadInitThunk [0x77296359+25]
RtlGetAppContainerNamedObjectPath [0x77D77A94+228]
RtlGetAppContainerNamedObjectPath [0x77D77A64+180]
]]>
            </message>
            <full-stacktrace>
              <![CDATA[org.openqa.selenium.SessionNotCreatedException: session not created: This version of ChromeDriver only supports Chrome version 86
Current browser version is 88.0.4324.190 with binary path C:\Program Files (x86)\Google\Chrome\Application\chrome.exe
Build info: version: '3.5.2', revision: '10229a9', time: '2017-08-21T17:29:55.15Z'
System info: host: 'LAPTOP-IA3PVLBB', ip: '192.168.51.36', os.name: 'Windows 10', os.arch: 'amd64', os.version: '10.0', java.version: '1.8.0_144'
Driver info: driver.version: ChromeDriver
remote stacktrace: Backtrace:
Ordinal0 [0x00BAC013+3194899]
Ordinal0 [0x00A96021+2056225]
Ordinal0 [0x0092F608+587272]
Ordinal0 [0x008B1BF3+72691]
Ordinal0 [0x008AE229+57897]
Ordinal0 [0x008AC64A+50762]
Ordinal0 [0x008D1EE9+204521]
Ordinal0 [0x008D1D0D+204045]
Ordinal0 [0x008CFC1B+195611]
Ordinal0 [0x008B3B7F+80767]
Ordinal0 [0x008B4B4E+84814]
Ordinal0 [0x008B4AD9+84697]
Ordinal0 [0x00AACE64+2149988]
GetHandleVerifier [0x00D1BE95+1400773]
GetHandleVerifier [0x00D1BB61+1399953]
GetHandleVerifier [0x00D231FA+1430314]
GetHandleVerifier [0x00D1C69F+1402831]
Ordinal0 [0x00AA3D61+2112865]
Ordinal0 [0x00AAE5CB+2155979]
Ordinal0 [0x00AAE6F5+2156277]
Ordinal0 [0x00ABF26E+2224750]
BaseThreadInitThunk [0x77296359+25]
RtlGetAppContainerNamedObjectPath [0x77D77A94+228]
RtlGetAppContainerNamedObjectPath [0x77D77A64+180]

at sun.reflect.NativeConstructorAccessorImpl.newInstance0(Native Method)
at sun.reflect.NativeConstructorAccessorImpl.newInstance(NativeConstructorAccessorImpl.java:62)
at sun.reflect.DelegatingConstructorAccessorImpl.newInstance(DelegatingConstructorAccessorImpl.java:45)
at java.lang.reflect.Constructor.newInstance(Constructor.java:423)
at org.openqa.selenium.remote.W3CHandshakeResponse.lambda$new$0(W3CHandshakeResponse.java:57)
at org.openqa.selenium.remote.W3CHandshakeResponse.lambda$getResponseFunction$2(W3CHandshakeResponse.java:104)
at org.openqa.selenium.remote.ProtocolHandshake.lambda$createSession$24(ProtocolHandshake.java:359)
at java.util.stream.ReferencePipeline$3$1.accept(ReferencePipeline.java:193)
at java.util.Spliterators$ArraySpliterator.tryAdvance(Spliterators.java:958)
at java.util.stream.ReferencePipeline.forEachWithCancel(ReferencePipeline.java:126)
at java.util.stream.AbstractPipeline.copyIntoWithCancel(AbstractPipeline.java:498)
at java.util.stream.AbstractPipeline.copyInto(AbstractPipeline.java:485)
at java.util.stream.AbstractPipeline.wrapAndCopyInto(AbstractPipeline.java:471)
at java.util.stream.FindOps$FindOp.evaluateSequential(FindOps.java:152)
at java.util.stream.AbstractPipeline.evaluate(AbstractPipeline.java:234)
at java.util.stream.ReferencePipeline.findFirst(ReferencePipeline.java:464)
at org.openqa.selenium.remote.ProtocolHandshake.createSession(ProtocolHandshake.java:362)
at org.openqa.selenium.remote.ProtocolHandshake.createSession(ProtocolHandshake.java:136)
at org.openqa.selenium.remote.HttpCommandExecutor.execute(HttpCommandExecutor.java:142)
at org.openqa.selenium.remote.service.DriverCommandExecutor.execute(DriverCommandExecutor.java:82)
at org.openqa.selenium.remote.RemoteWebDriver.execute(RemoteWebDriver.java:641)
at org.openqa.selenium.remote.RemoteWebDriver.startSession(RemoteWebDriver.java:254)
at org.openqa.selenium.remote.RemoteWebDriver.startSession(RemoteWebDriver.java:236)
at org.openqa.selenium.remote.RemoteWebDriver.<init>(RemoteWebDriver.java:137)
at org.openqa.selenium.chrome.ChromeDriver.<init>(ChromeDriver.java:178)
at org.openqa.selenium.chrome.ChromeDriver.<init>(ChromeDriver.java:167)
at org.openqa.selenium.chrome.ChromeDriver.<init>(ChromeDriver.java:124)
at com.deque.axe.AccessibilityTest.setUp(AccessibilityTest.java:59)
at sun.reflect.NativeMethodAccessorImpl.invoke0(Native Method)
at sun.reflect.NativeMethodAccessorImpl.invoke(NativeMethodAccessorImpl.java:62)
at sun.reflect.DelegatingMethodAccessorImpl.invoke(DelegatingMethodAccessorImpl.java:43)
at java.lang.reflect.Method.invoke(Method.java:498)
at org.testng.internal.MethodInvocationHelper.invokeMethod(MethodInvocationHelper.java:133)
at org.testng.internal.MethodInvocationHelper.invokeMethodConsideringTimeout(MethodInvocationHelper.java:62)
at org.testng.internal.ConfigInvoker.invokeConfigurationMethod(ConfigInvoker.java:340)
at org.testng.internal.ConfigInvoker.invokeConfigurations(ConfigInvoker.java:294)
at org.testng.internal.TestInvoker.runConfigMethods(TestInvoker.java:683)
at org.testng.internal.TestInvoker.invokeMethod(TestInvoker.java:510)
at org.testng.internal.TestInvoker.invokeTestMethod(TestInvoker.java:172)
at org.testng.internal.MethodRunner.runInSequence(MethodRunner.java:46)
at org.testng.internal.TestInvoker$MethodInvocationAgent.invoke(TestInvoker.java:804)
at org.testng.internal.TestInvoker.invokeTestMethods(TestInvoker.java:145)
at org.testng.internal.TestMethodWorker.invokeTestMethods(TestMethodWorker.java:146)
at org.testng.internal.TestMethodWorker.run(TestMethodWorker.java:128)
at java.util.ArrayList.forEach(ArrayList.java:1249)
at org.testng.TestRunner.privateRun(TestRunner.java:770)
at org.testng.TestRunner.run(TestRunner.java:591)
at org.testng.SuiteRunner.runTest(SuiteRunner.java:402)
at org.testng.SuiteRunner.runSequentially(SuiteRunner.java:396)
at org.testng.SuiteRunner.privateRun(SuiteRunner.java:355)
at org.testng.SuiteRunner.run(SuiteRunner.java:304)
at org.testng.SuiteRunnerWorker.runSuite(SuiteRunnerWorker.java:53)
at org.testng.SuiteRunnerWorker.run(SuiteRunnerWorker.java:96)
at org.testng.TestNG.runSuitesSequentially(TestNG.java:1180)
at org.testng.TestNG.runSuitesLocally(TestNG.java:1102)
at org.testng.TestNG.runSuites(TestNG.java:1032)
at org.testng.TestNG.run(TestNG.java:1000)
at org.testng.remote.AbstractRemoteTestNG.run(AbstractRemoteTestNG.java:115)
at org.testng.remote.RemoteTestNG.initAndRun(RemoteTestNG.java:251)
at org.testng.remote.RemoteTestNG.main(RemoteTestNG.java:77)
]]>
            </full-stacktrace>
          </exception> <!-- org.openqa.selenium.SessionNotCreatedException -->
          <reporter-output>
          </reporter-output>
        </test-method> <!-- testAxeErrorHandling -->
        <test-method status="SKIP" signature="tearDown()[pri:0, instance:com.deque.axe.AccessibilityTest@6a472554]" name="tearDown" is-config="true" duration-ms="-1615382230684" started-at="2021-03-10T18:47:10 IST" finished-at="1970-01-01T05:30:00 IST">
          <reporter-output>
          </reporter-output>
        </test-method> <!-- tearDown -->
        <test-method status="SKIP" signature="setUp()[pri:0, instance:com.deque.axe.AccessibilityTest@6a472554]" name="setUp" is-config="true" duration-ms="-1615382230684" started-at="2021-03-10T18:47:10 IST" finished-at="1970-01-01T05:30:00 IST">
          <reporter-output>
          </reporter-output>
        </test-method> <!-- setUp -->
        <test-method status="SKIP" signature="tearDown()[pri:0, instance:com.deque.axe.AccessibilityTest@6a472554]" name="tearDown" is-config="true" duration-ms="-1615382230724" started-at="2021-03-10T18:47:10 IST" finished-at="1970-01-01T05:30:00 IST">
          <reporter-output>
          </reporter-output>
        </test-method> <!-- tearDown -->
      </class> <!-- com.deque.axe.AccessibilityTest -->
    </test> <!-- Default test -->
  </suite> <!-- Default suite -->
</testng-results>
